INFO 2022-05-25 19:27:41,550 autoreload 217 E:\dj\test_03\test_platform\settings.py changed, reloading.
INFO 2022-05-25 19:27:42,338 autoreload 597 Watching for file changes with StatReloader
INFO 2022-05-25 19:28:12,115 autoreload 217 E:\dj\test_03\test_platform\settings.py changed, reloading.
INFO 2022-05-25 19:28:12,890 autoreload 597 Watching for file changes with StatReloader
INFO 2022-05-25 19:33:06,891 autoreload 217 E:\dj\test_03\app_manage\models.py changed, reloading.
INFO 2022-05-25 19:33:08,034 autoreload 597 Watching for file changes with StatReloader
INFO 2022-05-25 19:34:21,915 autoreload 217 E:\dj\test_03\app_manage\models.py changed, reloading.
INFO 2022-05-25 19:34:22,726 autoreload 597 Watching for file changes with StatReloader
INFO 2022-05-25 19:35:27,440 autoreload 217 E:\dj\test_03\app_manage\models.py changed, reloading.
INFO 2022-05-25 19:35:28,189 autoreload 597 Watching for file changes with StatReloader
INFO 2022-05-25 19:38:05,661 autoreload 217 E:\dj\test_03\app_manage\models.py changed, reloading.
INFO 2022-05-25 19:38:06,551 autoreload 597 Watching for file changes with StatReloader
INFO 2022-05-25 20:06:38,011 basehttp 154 "GET / HTTP/1.1" 200 2032
WARNING 2022-05-25 20:06:39,484 log 228 Not Found: /favicon.ico
WARNING 2022-05-25 20:06:39,485 basehttp 154 "GET /favicon.ico HTTP/1.1" 404 2398
INFO 2022-05-25 20:06:50,719 basehttp 154 "GET /admin/ HTTP/1.1" 302 0
INFO 2022-05-25 20:06:50,879 basehttp 154 "GET /admin/login/?next=/admin/ HTTP/1.1" 200 1819
INFO 2022-05-25 20:06:50,923 basehttp 154 "GET /static/admin/css/login.css HTTP/1.1" 200 1233
INFO 2022-05-25 20:06:50,924 basehttp 154 "GET /static/admin/css/responsive.css HTTP/1.1" 200 17944
INFO 2022-05-25 20:06:50,925 basehttp 154 "GET /static/admin/css/base.css HTTP/1.1" 200 16378
INFO 2022-05-25 20:06:50,963 basehttp 154 "GET /static/admin/css/fonts.css HTTP/1.1" 200 423
INFO 2022-05-25 20:06:51,018 basehttp 154 "GET /static/admin/fonts/Roboto-Regular-webfont.woff HTTP/1.1" 200 85876
INFO 2022-05-25 20:06:51,029 basehttp 154 "GET /static/admin/fonts/Roboto-Light-webfont.woff HTTP/1.1" 200 85692
INFO 2022-05-25 20:11:51,224 autoreload 217 E:\dj\test_03\app_manage\admin.py changed, reloading.
INFO 2022-05-25 20:11:52,142 autoreload 597 Watching for file changes with StatReloader
INFO 2022-05-25 20:12:04,005 autoreload 217 E:\dj\test_03\app_manage\admin.py changed, reloading.
INFO 2022-05-25 20:12:04,771 autoreload 597 Watching for file changes with StatReloader
INFO 2022-05-25 20:13:30,549 autoreload 217 E:\dj\test_03\app_manage\admin.py changed, reloading.
INFO 2022-05-25 20:13:31,410 autoreload 597 Watching for file changes with StatReloader
INFO 2022-05-25 20:14:16,476 autoreload 217 E:\dj\test_03\app_manage\admin.py changed, reloading.
INFO 2022-05-25 20:14:17,308 autoreload 597 Watching for file changes with StatReloader
INFO 2022-05-25 20:15:40,993 autoreload 597 Watching for file changes with StatReloader
INFO 2022-05-25 20:15:50,513 basehttp 154 "GET / HTTP/1.1" 200 2032
WARNING 2022-05-25 20:15:50,667 log 228 Not Found: /favicon.ico
WARNING 2022-05-25 20:15:50,668 basehttp 154 "GET /favicon.ico HTTP/1.1" 404 2398
WARNING 2022-05-25 20:15:54,513 log 228 Not Found: /favicon.ico
WARNING 2022-05-25 20:15:54,513 basehttp 154 "GET /favicon.ico HTTP/1.1" 404 2398
WARNING 2022-05-25 20:15:55,131 log 228 Not Found: /favicon.ico
WARNING 2022-05-25 20:15:55,131 basehttp 154 "GET /favicon.ico HTTP/1.1" 404 2398
WARNING 2022-05-25 20:15:55,723 log 228 Not Found: /favicon.ico
WARNING 2022-05-25 20:15:55,723 basehttp 154 "GET /favicon.ico HTTP/1.1" 404 2398
INFO 2022-05-25 20:15:55,946 basehttp 154 "GET /admin/ HTTP/1.1" 302 0
INFO 2022-05-25 20:15:55,971 basehttp 154 "GET /admin/login/?next=/admin/ HTTP/1.1" 200 1819
INFO 2022-05-25 20:15:55,995 basehttp 154 "GET /static/admin/css/base.css HTTP/1.1" 304 0
INFO 2022-05-25 20:15:55,995 basehttp 154 "GET /static/admin/css/login.css HTTP/1.1" 304 0
INFO 2022-05-25 20:15:55,997 basehttp 154 "GET /static/admin/css/responsive.css HTTP/1.1" 304 0
INFO 2022-05-25 20:15:56,010 basehttp 154 "GET /static/admin/css/fonts.css HTTP/1.1" 304 0
INFO 2022-05-25 20:15:56,038 basehttp 154 "GET /static/admin/fonts/Roboto-Light-webfont.woff HTTP/1.1" 304 0
INFO 2022-05-25 20:15:56,039 basehttp 154 "GET /static/admin/fonts/Roboto-Regular-webfont.woff HTTP/1.1" 304 0
INFO 2022-05-25 20:16:03,534 basehttp 154 "POST /admin/login/?next=/admin/ HTTP/1.1" 302 0
INFO 2022-05-25 20:16:03,794 basehttp 154 "GET /admin/ HTTP/1.1" 200 4337
INFO 2022-05-25 20:16:03,823 basehttp 154 "GET /static/admin/css/dashboard.css HTTP/1.1" 304 0
INFO 2022-05-25 20:16:03,829 basehttp 154 "GET /static/admin/img/icon-addlink.svg HTTP/1.1" 304 0
INFO 2022-05-25 20:16:03,832 basehttp 154 "GET /static/admin/img/icon-changelink.svg HTTP/1.1" 304 0
INFO 2022-05-25 20:16:03,854 basehttp 154 "GET /static/admin/fonts/Roboto-Bold-webfont.woff HTTP/1.1" 304 0
INFO 2022-05-25 20:16:11,770 basehttp 154 "GET /admin/app_manage/project/ HTTP/1.1" 200 4839
INFO 2022-05-25 20:16:11,794 basehttp 154 "GET /static/admin/css/changelists.css HTTP/1.1" 304 0
INFO 2022-05-25 20:16:11,803 basehttp 154 "GET /static/admin/js/vendor/jquery/jquery.js HTTP/1.1" 304 0
INFO 2022-05-25 20:16:11,816 basehttp 154 "GET /static/admin/js/jquery.init.js HTTP/1.1" 304 0
INFO 2022-05-25 20:16:11,818 basehttp 154 "GET /static/admin/js/core.js HTTP/1.1" 304 0
INFO 2022-05-25 20:16:11,824 basehttp 154 "GET /static/admin/js/admin/RelatedObjectLookups.js HTTP/1.1" 304 0
INFO 2022-05-25 20:16:11,825 basehttp 154 "GET /static/admin/js/actions.js HTTP/1.1" 304 0
INFO 2022-05-25 20:16:11,893 basehttp 154 "GET /static/admin/js/urlify.js HTTP/1.1" 304 0
INFO 2022-05-25 20:16:11,896 basehttp 154 "GET /static/admin/js/prepopulate.js HTTP/1.1" 304 0
INFO 2022-05-25 20:16:11,897 basehttp 154 "GET /static/admin/js/vendor/xregexp/xregexp.js HTTP/1.1" 304 0
INFO 2022-05-25 20:16:11,906 basehttp 154 "GET /admin/jsi18n/ HTTP/1.1" 200 3223
INFO 2022-05-25 20:16:11,975 basehttp 154 "GET /static/admin/img/tooltag-add.svg HTTP/1.1" 304 0
INFO 2022-05-25 20:16:49,033 autoreload 217 E:\dj\test_03\app_manage\admin.py changed, reloading.
INFO 2022-05-25 20:16:49,966 autoreload 597 Watching for file changes with StatReloader
INFO 2022-05-25 20:17:07,876 autoreload 217 E:\dj\test_03\app_manage\admin.py changed, reloading.
INFO 2022-05-25 20:17:08,865 autoreload 597 Watching for file changes with StatReloader
INFO 2022-05-25 20:17:09,428 basehttp 154 "GET /admin/app_manage/project/ HTTP/1.1" 200 5240
INFO 2022-05-25 20:17:09,480 basehttp 154 "GET /static/admin/img/icon-yes.svg HTTP/1.1" 304 0
INFO 2022-05-25 20:17:09,623 basehttp 154 "GET /admin/jsi18n/ HTTP/1.1" 200 3223
INFO 2022-05-25 20:18:27,694 autoreload 217 E:\dj\test_03\app_manage\admin.py changed, reloading.
INFO 2022-05-25 20:18:28,531 autoreload 597 Watching for file changes with StatReloader
INFO 2022-05-25 20:18:29,319 basehttp 154 "GET /admin/app_manage/project/ HTTP/1.1" 200 6221
INFO 2022-05-25 20:18:29,446 basehttp 154 "GET /admin/jsi18n/ HTTP/1.1" 200 3223
INFO 2022-05-25 20:18:55,872 basehttp 154 "GET /admin/app_manage/project/1/change/ HTTP/1.1" 200 5156
INFO 2022-05-25 20:18:55,898 basehttp 154 "GET /static/admin/css/forms.css HTTP/1.1" 304 0
INFO 2022-05-25 20:18:55,903 basehttp 154 "GET /static/admin/js/change_form.js HTTP/1.1" 304 0
INFO 2022-05-25 20:18:55,903 basehttp 154 "GET /static/admin/js/prepopulate_init.js HTTP/1.1" 304 0
INFO 2022-05-25 20:18:55,910 basehttp 154 "GET /static/admin/css/widgets.css HTTP/1.1" 304 0
INFO 2022-05-25 20:18:56,021 basehttp 154 "GET /admin/jsi18n/ HTTP/1.1" 200 3223
INFO 2022-05-25 20:19:16,399 basehttp 154 "POST /admin/app_manage/project/1/change/ HTTP/1.1" 302 0
INFO 2022-05-25 20:19:16,594 basehttp 154 "GET /admin/app_manage/project/ HTTP/1.1" 200 6436
INFO 2022-05-25 20:19:16,725 basehttp 154 "GET /admin/jsi18n/ HTTP/1.1" 200 3223
INFO 2022-05-25 20:19:29,288 basehttp 154 "GET /admin/app_manage/project/ HTTP/1.1" 200 6236
INFO 2022-05-25 20:19:29,411 basehttp 154 "GET /admin/jsi18n/ HTTP/1.1" 200 3223
INFO 2022-05-25 20:19:55,404 autoreload 217 E:\dj\test_03\app_manage\admin.py changed, reloading.
INFO 2022-05-25 20:19:56,155 autoreload 597 Watching for file changes with StatReloader
INFO 2022-05-25 20:20:04,883 autoreload 217 E:\dj\test_03\app_manage\admin.py changed, reloading.
INFO 2022-05-25 20:20:05,613 autoreload 597 Watching for file changes with StatReloader
INFO 2022-05-25 20:21:41,037 autoreload 217 E:\dj\test_03\app_manage\admin.py changed, reloading.
INFO 2022-05-25 20:21:41,839 autoreload 597 Watching for file changes with StatReloader
INFO 2022-05-25 20:21:42,375 basehttp 154 "GET /admin/app_manage/project/ HTTP/1.1" 200 6904
INFO 2022-05-25 20:21:42,398 basehttp 154 "GET /static/admin/img/search.svg HTTP/1.1" 304 0
INFO 2022-05-25 20:21:42,512 basehttp 154 "GET /admin/jsi18n/ HTTP/1.1" 200 3223
INFO 2022-05-25 20:22:00,600 autoreload 217 E:\dj\test_03\app_manage\admin.py changed, reloading.
INFO 2022-05-25 20:22:01,434 autoreload 597 Watching for file changes with StatReloader
INFO 2022-05-25 20:23:26,331 autoreload 217 E:\dj\test_03\app_manage\admin.py changed, reloading.
INFO 2022-05-25 20:23:27,133 autoreload 597 Watching for file changes with StatReloader
WARNING 2022-05-25 20:23:28,243 log 228 Not Found: /favicon.ico
WARNING 2022-05-25 20:23:28,244 basehttp 154 "GET /favicon.ico HTTP/1.1" 404 2398
INFO 2022-05-25 20:23:28,340 basehttp 154 "GET / HTTP/1.1" 200 2032
INFO 2022-05-25 20:24:44,239 autoreload 217 E:\dj\test_03\app_personal\views.py changed, reloading.
INFO 2022-05-25 20:24:44,988 autoreload 597 Watching for file changes with StatReloader
INFO 2022-05-25 20:25:34,759 autoreload 217 E:\dj\test_03\app_personal\views.py changed, reloading.
INFO 2022-05-25 20:25:35,517 autoreload 597 Watching for file changes with StatReloader
INFO 2022-05-25 20:25:51,345 autoreload 217 E:\dj\test_03\app_personal\views.py changed, reloading.
INFO 2022-05-25 20:25:52,152 autoreload 597 Watching for file changes with StatReloader
INFO 2022-05-25 20:25:57,107 autoreload 217 E:\dj\test_03\app_personal\views.py changed, reloading.
INFO 2022-05-25 20:25:57,856 autoreload 597 Watching for file changes with StatReloader
INFO 2022-05-25 20:27:01,184 autoreload 217 E:\dj\test_03\test_platform\urls.py changed, reloading.
INFO 2022-05-25 20:27:01,945 autoreload 597 Watching for file changes with StatReloader
INFO 2022-05-25 20:27:10,473 autoreload 217 E:\dj\test_03\test_platform\urls.py changed, reloading.
INFO 2022-05-25 20:27:11,222 autoreload 597 Watching for file changes with StatReloader
INFO 2022-05-25 20:27:22,122 autoreload 217 E:\dj\test_03\test_platform\urls.py changed, reloading.
INFO 2022-05-25 20:27:22,845 autoreload 597 Watching for file changes with StatReloader
INFO 2022-05-25 20:28:22,234 autoreload 217 E:\dj\test_03\test_platform\urls.py changed, reloading.
INFO 2022-05-25 20:28:23,022 autoreload 597 Watching for file changes with StatReloader
INFO 2022-05-25 20:31:42,690 autoreload 217 E:\dj\test_03\app_personal\views.py changed, reloading.
INFO 2022-05-25 20:31:43,427 autoreload 597 Watching for file changes with StatReloader
INFO 2022-05-25 20:31:59,220 autoreload 217 E:\dj\test_03\app_manage\views.py changed, reloading.
INFO 2022-05-25 20:32:00,044 autoreload 597 Watching for file changes with StatReloader
INFO 2022-05-25 20:32:23,451 autoreload 217 E:\dj\test_03\app_manage\views.py changed, reloading.
INFO 2022-05-25 20:32:24,316 autoreload 597 Watching for file changes with StatReloader
INFO 2022-05-25 20:32:35,420 autoreload 217 E:\dj\test_03\app_manage\views.py changed, reloading.
INFO 2022-05-25 20:32:36,161 autoreload 597 Watching for file changes with StatReloader
INFO 2022-05-25 20:33:05,599 autoreload 217 E:\dj\test_03\app_personal\views.py changed, reloading.
INFO 2022-05-25 20:33:06,301 autoreload 597 Watching for file changes with StatReloader
INFO 2022-05-25 20:33:22,213 autoreload 217 E:\dj\test_03\app_personal\views.py changed, reloading.
INFO 2022-05-25 20:33:22,940 autoreload 597 Watching for file changes with StatReloader
INFO 2022-05-25 20:33:43,530 autoreload 597 Watching for file changes with StatReloader
INFO 2022-05-25 20:36:02,631 autoreload 217 E:\dj\test_03\test_platform\urls.py changed, reloading.
INFO 2022-05-25 20:36:03,460 autoreload 597 Watching for file changes with StatReloader
INFO 2022-05-25 20:36:03,843 basehttp 154 "GET / HTTP/1.1" 200 2032
INFO 2022-05-25 20:36:25,903 basehttp 154 "POST /login/ HTTP/1.1" 302 0
WARNING 2022-05-25 20:36:25,911 log 228 Not Found: /manage/
WARNING 2022-05-25 20:36:25,911 basehttp 154 "GET /manage/ HTTP/1.1" 404 2492
INFO 2022-05-25 20:37:46,635 autoreload 597 Watching for file changes with StatReloader
INFO 2022-05-25 20:37:55,661 basehttp 154 "GET / HTTP/1.1" 200 2032
WARNING 2022-05-25 20:37:55,843 log 228 Not Found: /favicon.ico
WARNING 2022-05-25 20:37:55,843 basehttp 154 "GET /favicon.ico HTTP/1.1" 404 2504
INFO 2022-05-25 20:38:04,043 basehttp 154 "POST /login/ HTTP/1.1" 302 0
WARNING 2022-05-25 20:38:04,049 log 228 Not Found: /manage/
WARNING 2022-05-25 20:38:04,049 basehttp 154 "GET /manage/ HTTP/1.1" 404 2492
INFO 2022-05-25 20:40:27,272 basehttp 154 "GET / HTTP/1.1" 200 2032
WARNING 2022-05-25 20:40:27,443 log 228 Not Found: /favicon.ico
WARNING 2022-05-25 20:40:27,443 basehttp 154 "GET /favicon.ico HTTP/1.1" 404 2504
INFO 2022-05-25 20:40:27,572 autoreload 217 E:\dj\test_03\test_platform\urls.py changed, reloading.
INFO 2022-05-25 20:40:28,478 autoreload 597 Watching for file changes with StatReloader
INFO 2022-05-25 20:40:39,226 basehttp 154 "POST /login/ HTTP/1.1" 302 0
WARNING 2022-05-25 20:40:39,234 log 228 Not Found: /manage/
WARNING 2022-05-25 20:40:39,234 basehttp 154 "GET /manage/ HTTP/1.1" 404 2492
INFO 2022-05-25 20:43:48,227 autoreload 597 Watching for file changes with StatReloader
INFO 2022-05-25 20:44:04,239 autoreload 597 Watching for file changes with StatReloader
INFO 2022-05-25 20:44:09,972 basehttp 154 "GET / HTTP/1.1" 200 2032
WARNING 2022-05-25 20:44:10,132 log 228 Not Found: /favicon.ico
WARNING 2022-05-25 20:44:10,132 basehttp 154 "GET /favicon.ico HTTP/1.1" 404 2504
INFO 2022-05-25 20:44:18,038 basehttp 154 "POST /login/ HTTP/1.1" 302 0
WARNING 2022-05-25 20:44:18,045 log 228 Not Found: /manage/
WARNING 2022-05-25 20:44:18,045 basehttp 154 "GET /manage/ HTTP/1.1" 404 2492
INFO 2022-05-25 20:44:59,025 autoreload 217 E:\dj\test_03\app_personal\views.py changed, reloading.
INFO 2022-05-25 20:44:59,829 autoreload 597 Watching for file changes with StatReloader
WARNING 2022-05-25 20:45:00,227 log 228 Not Found: /manage/
WARNING 2022-05-25 20:45:00,228 basehttp 154 "GET /manage/ HTTP/1.1" 404 2492
INFO 2022-05-25 20:45:13,847 autoreload 597 Watching for file changes with StatReloader
INFO 2022-05-25 20:45:15,856 basehttp 154 "GET / HTTP/1.1" 200 2032
WARNING 2022-05-25 20:45:16,051 log 228 Not Found: /favicon.ico
WARNING 2022-05-25 20:45:16,052 basehttp 154 "GET /favicon.ico HTTP/1.1" 404 2504
INFO 2022-05-25 20:45:23,418 basehttp 154 "POST /login/ HTTP/1.1" 302 0
INFO 2022-05-25 20:45:23,577 basehttp 154 "GET /mange/ HTTP/1.1" 200 149
INFO 2022-05-25 20:46:57,259 autoreload 217 E:\dj\test_03\test_platform\settings.py changed, reloading.
INFO 2022-05-25 20:59:55,685 autoreload 597 Watching for file changes with StatReloader
INFO 2022-05-25 21:00:03,554 basehttp 154 "GET / HTTP/1.1" 200 2032
WARNING 2022-05-25 21:00:03,732 log 228 Not Found: /favicon.ico
WARNING 2022-05-25 21:00:03,732 basehttp 154 "GET /favicon.ico HTTP/1.1" 404 2504
INFO 2022-05-25 21:00:11,118 basehttp 154 "POST /login/ HTTP/1.1" 302 0
INFO 2022-05-25 21:00:11,245 basehttp 154 "GET /mange/ HTTP/1.1" 200 287
INFO 2022-05-25 21:00:46,432 basehttp 154 "GET /logout/ HTTP/1.1" 302 0
INFO 2022-05-25 21:00:46,446 basehttp 154 "GET / HTTP/1.1" 200 2032
INFO 2022-05-25 21:00:52,879 basehttp 154 "POST /login/ HTTP/1.1" 302 0
INFO 2022-05-25 21:00:52,887 basehttp 154 "GET /mange/ HTTP/1.1" 302 0
WARNING 2022-05-25 21:00:52,892 log 228 Not Found: /accounts/login/
WARNING 2022-05-25 21:00:52,893 basehttp 154 "GET /accounts/login/?next=/mange/ HTTP/1.1" 404 2529
INFO 2022-05-25 21:01:07,624 basehttp 154 "POST /login/ HTTP/1.1" 200 2059
INFO 2022-05-25 21:01:11,731 basehttp 154 "POST /login/ HTTP/1.1" 200 2059
INFO 2022-05-25 21:01:16,112 basehttp 154 "POST /login/ HTTP/1.1" 200 2059
INFO 2022-05-25 21:01:26,507 basehttp 154 "POST /login/ HTTP/1.1" 302 0
INFO 2022-05-25 21:01:26,513 basehttp 154 "GET /mange/ HTTP/1.1" 302 0
WARNING 2022-05-25 21:01:26,522 log 228 Not Found: /accounts/login/
WARNING 2022-05-25 21:01:26,522 basehttp 154 "GET /accounts/login/?next=/mange/ HTTP/1.1" 404 2529
INFO 2022-05-25 21:01:34,420 basehttp 154 "GET / HTTP/1.1" 200 2032
WARNING 2022-05-25 21:01:34,572 log 228 Not Found: /favicon.ico
WARNING 2022-05-25 21:01:34,573 basehttp 154 "GET /favicon.ico HTTP/1.1" 404 2504
INFO 2022-05-25 21:01:42,135 basehttp 154 "POST /login/ HTTP/1.1" 200 2059
INFO 2022-05-25 21:01:51,224 basehttp 154 "POST /login/ HTTP/1.1" 302 0
INFO 2022-05-25 21:01:51,229 basehttp 154 "GET /mange/ HTTP/1.1" 302 0
WARNING 2022-05-25 21:01:51,236 log 228 Not Found: /accounts/login/
WARNING 2022-05-25 21:01:51,237 basehttp 154 "GET /accounts/login/?next=/mange/ HTTP/1.1" 404 2529
INFO 2022-05-25 21:04:32,484 basehttp 154 "POST /login/ HTTP/1.1" 302 0
INFO 2022-05-25 21:04:32,488 basehttp 154 "GET /mange/ HTTP/1.1" 302 0
WARNING 2022-05-25 21:04:32,495 log 228 Not Found: /accounts/login/
WARNING 2022-05-25 21:04:32,495 basehttp 154 "GET /accounts/login/?next=/mange/ HTTP/1.1" 404 2529
WARNING 2022-05-25 21:04:54,153 log 228 Not Found: /accounts/login/
WARNING 2022-05-25 21:04:54,154 basehttp 154 "GET /accounts/login/?next=/mange/ HTTP/1.1" 404 2529
INFO 2022-05-25 21:05:01,058 basehttp 154 "POST /login/ HTTP/1.1" 302 0
INFO 2022-05-25 21:05:01,062 basehttp 154 "GET /mange/ HTTP/1.1" 302 0
WARNING 2022-05-25 21:05:01,070 log 228 Not Found: /accounts/login/
WARNING 2022-05-25 21:05:01,070 basehttp 154 "GET /accounts/login/?next=/mange/ HTTP/1.1" 404 2529
WARNING 2022-05-25 21:05:14,966 log 228 Not Found: /accounts/login/
WARNING 2022-05-25 21:05:14,966 basehttp 154 "GET /accounts/login/?next=/mange/ HTTP/1.1" 404 2529
INFO 2022-05-25 21:05:20,992 basehttp 154 "POST /login/ HTTP/1.1" 302 0
INFO 2022-05-25 21:05:20,997 basehttp 154 "GET /mange/ HTTP/1.1" 302 0
WARNING 2022-05-25 21:05:21,003 log 228 Not Found: /accounts/login/
WARNING 2022-05-25 21:05:21,004 basehttp 154 "GET /accounts/login/?next=/mange/ HTTP/1.1" 404 2529
INFO 2022-05-25 21:05:57,654 autoreload 597 Watching for file changes with StatReloader
INFO 2022-05-25 21:05:59,678 basehttp 154 "GET / HTTP/1.1" 200 2032
WARNING 2022-05-25 21:05:59,836 log 228 Not Found: /favicon.ico
WARNING 2022-05-25 21:05:59,836 basehttp 154 "GET /favicon.ico HTTP/1.1" 404 2504
INFO 2022-05-25 21:06:07,360 basehttp 154 "POST /login/ HTTP/1.1" 302 0
INFO 2022-05-25 21:06:07,368 basehttp 154 "GET /mange/ HTTP/1.1" 302 0
WARNING 2022-05-25 21:06:07,374 log 228 Not Found: /accounts/login/
WARNING 2022-05-25 21:06:07,375 basehttp 154 "GET /accounts/login/?next=/mange/ HTTP/1.1" 404 2529
INFO 2022-05-25 21:07:05,149 basehttp 154 "GET / HTTP/1.1" 200 2032
INFO 2022-05-25 21:07:05,369 autoreload 217 E:\dj\test_03\app_manage\views.py changed, reloading.
INFO 2022-05-25 21:07:06,234 autoreload 597 Watching for file changes with StatReloader
INFO 2022-05-25 21:07:11,612 basehttp 154 "POST /login/ HTTP/1.1" 302 0
INFO 2022-05-25 21:07:11,621 basehttp 154 "GET /mange/ HTTP/1.1" 302 0
WARNING 2022-05-25 21:07:11,630 log 228 Not Found: /accounts/login/
WARNING 2022-05-25 21:07:11,631 basehttp 154 "GET /accounts/login/?next=/mange/ HTTP/1.1" 404 2529
INFO 2022-05-25 21:07:59,861 autoreload 217 E:\dj\test_03\app_manage\views.py changed, reloading.
INFO 2022-05-25 21:08:00,715 autoreload 597 Watching for file changes with StatReloader
INFO 2022-05-25 21:25:59,193 basehttp 154 "GET / HTTP/1.1" 200 2032
WARNING 2022-05-25 21:25:59,349 log 228 Not Found: /favicon.ico
WARNING 2022-05-25 21:25:59,349 basehttp 154 "GET /favicon.ico HTTP/1.1" 404 2504
INFO 2022-05-25 21:26:20,591 basehttp 154 "POST /login/ HTTP/1.1" 302 0
INFO 2022-05-25 21:26:20,600 basehttp 154 "GET /mange/ HTTP/1.1" 302 0
WARNING 2022-05-25 21:26:20,607 log 228 Not Found: /accounts/login/
WARNING 2022-05-25 21:26:20,607 basehttp 154 "GET /accounts/login/?next=/mange/ HTTP/1.1" 404 2529
INFO 2022-05-25 21:53:52,238 autoreload 597 Watching for file changes with StatReloader
INFO 2022-05-25 21:53:56,204 basehttp 154 "GET / HTTP/1.1" 200 2032
WARNING 2022-05-25 21:53:56,351 log 228 Not Found: /favicon.ico
WARNING 2022-05-25 21:53:56,351 basehttp 154 "GET /favicon.ico HTTP/1.1" 404 2504
INFO 2022-05-25 21:54:03,921 basehttp 154 "POST /login/ HTTP/1.1" 302 0
INFO 2022-05-25 21:54:03,929 basehttp 154 "GET /mange/ HTTP/1.1" 302 0
WARNING 2022-05-25 21:54:03,935 log 228 Not Found: /accounts/login/
WARNING 2022-05-25 21:54:03,935 basehttp 154 "GET /accounts/login/?next=/mange/ HTTP/1.1" 404 2529
INFO 2022-05-25 21:58:01,728 autoreload 597 Watching for file changes with StatReloader
INFO 2022-05-25 21:58:05,246 basehttp 154 "GET / HTTP/1.1" 200 2032
WARNING 2022-05-25 21:58:05,401 log 228 Not Found: /favicon.ico
WARNING 2022-05-25 21:58:05,402 basehttp 154 "GET /favicon.ico HTTP/1.1" 404 2504
INFO 2022-05-25 21:58:12,922 basehttp 154 "POST /login/ HTTP/1.1" 302 0
INFO 2022-05-25 21:58:12,931 basehttp 154 "GET /mange/ HTTP/1.1" 302 0
WARNING 2022-05-25 21:58:12,938 log 228 Not Found: /accounts/login/
WARNING 2022-05-25 21:58:12,938 basehttp 154 "GET /accounts/login/?next=/mange/ HTTP/1.1" 404 2529
INFO 2022-05-25 22:00:05,475 autoreload 217 E:\dj\test_03\app_manage\views.py changed, reloading.
INFO 2022-05-25 22:00:06,293 autoreload 597 Watching for file changes with StatReloader
INFO 2022-05-25 22:04:25,295 autoreload 597 Watching for file changes with StatReloader
INFO 2022-05-25 22:04:34,199 basehttp 154 "GET / HTTP/1.1" 200 2032
WARNING 2022-05-25 22:04:34,247 log 228 Not Found: /favicon.ico
WARNING 2022-05-25 22:04:34,247 basehttp 154 "GET /favicon.ico HTTP/1.1" 404 2504
INFO 2022-05-25 22:04:42,372 basehttp 154 "POST /login/ HTTP/1.1" 302 0
INFO 2022-05-25 22:04:42,381 basehttp 154 "GET /mange/ HTTP/1.1" 302 0
WARNING 2022-05-25 22:04:42,386 log 228 Not Found: /accounts/login/
WARNING 2022-05-25 22:04:42,386 basehttp 154 "GET /accounts/login/?next=/mange/ HTTP/1.1" 404 2529
INFO 2022-05-25 22:09:45,407 autoreload 597 Watching for file changes with StatReloader
WARNING 2022-05-25 22:09:47,782 log 228 Not Found: /accounts/login/
WARNING 2022-05-25 22:09:47,783 basehttp 154 "GET /accounts/login/?next=/mange/ HTTP/1.1" 404 2529
INFO 2022-05-25 22:09:54,895 basehttp 154 "POST /login/ HTTP/1.1" 302 0
INFO 2022-05-25 22:09:54,901 basehttp 154 "GET /mange/ HTTP/1.1" 302 0
WARNING 2022-05-25 22:09:54,906 log 228 Not Found: /accounts/login/
WARNING 2022-05-25 22:09:54,907 basehttp 154 "GET /accounts/login/?next=/mange/ HTTP/1.1" 404 2529
INFO 2022-05-25 22:10:20,192 basehttp 154 "GET / HTTP/1.1" 200 2032
WARNING 2022-05-25 22:10:20,237 log 228 Not Found: /favicon.ico
WARNING 2022-05-25 22:10:20,237 basehttp 154 "GET /favicon.ico HTTP/1.1" 404 2504
INFO 2022-05-25 22:10:28,379 basehttp 154 "POST /login/ HTTP/1.1" 302 0
INFO 2022-05-25 22:10:28,382 basehttp 154 "GET /mange/ HTTP/1.1" 302 0
WARNING 2022-05-25 22:10:28,386 log 228 Not Found: /accounts/login/
WARNING 2022-05-25 22:10:28,387 basehttp 154 "GET /accounts/login/?next=/mange/ HTTP/1.1" 404 2529
INFO 2022-05-25 22:11:44,753 autoreload 217 E:\dj\test_03\app_personal\views.py changed, reloading.
INFO 2022-05-25 22:11:45,583 autoreload 597 Watching for file changes with StatReloader
WARNING 2022-05-25 22:11:46,084 log 228 Not Found: /accounts/login/
WARNING 2022-05-25 22:11:46,086 basehttp 154 "GET /accounts/login/?next=/mange/ HTTP/1.1" 404 2529
INFO 2022-05-25 22:11:49,125 basehttp 154 "POST /login/ HTTP/1.1" 302 0
INFO 2022-05-25 22:11:49,133 basehttp 154 "GET /mange/ HTTP/1.1" 200 158
INFO 2022-05-25 22:12:15,943 basehttp 154 "GET / HTTP/1.1" 200 2032
INFO 2022-05-25 22:12:15,985 autoreload 217 E:\dj\test_03\app_personal\views.py changed, reloading.
INFO 2022-05-25 22:12:17,041 autoreload 597 Watching for file changes with StatReloader
WARNING 2022-05-25 22:12:17,459 log 228 Not Found: /favicon.ico
WARNING 2022-05-25 22:12:17,460 basehttp 154 "GET /favicon.ico HTTP/1.1" 404 2504
INFO 2022-05-25 22:12:22,683 basehttp 154 "POST /login/ HTTP/1.1" 302 0
INFO 2022-05-25 22:12:22,695 basehttp 154 "GET /mange/ HTTP/1.1" 200 158
INFO 2022-05-25 22:13:12,446 autoreload 597 Watching for file changes with StatReloader
INFO 2022-05-25 22:13:14,851 basehttp 154 "GET / HTTP/1.1" 200 2032
WARNING 2022-05-25 22:13:15,038 log 228 Not Found: /favicon.ico
WARNING 2022-05-25 22:13:15,038 basehttp 154 "GET /favicon.ico HTTP/1.1" 404 2504
INFO 2022-05-25 22:13:21,503 basehttp 154 "POST /login/ HTTP/1.1" 302 0
INFO 2022-05-25 22:13:21,510 basehttp 154 "GET /mange/ HTTP/1.1" 200 158
INFO 2022-05-25 22:14:05,821 basehttp 154 "GET / HTTP/1.1" 200 2032
WARNING 2022-05-25 22:14:06,031 log 228 Not Found: /favicon.ico
WARNING 2022-05-25 22:14:06,031 basehttp 154 "GET /favicon.ico HTTP/1.1" 404 2504
INFO 2022-05-25 22:14:12,413 basehttp 154 "POST /login/ HTTP/1.1" 302 0
INFO 2022-05-25 22:14:12,530 basehttp 154 "GET /mange/ HTTP/1.1" 200 409
INFO 2022-05-25 22:16:30,361 basehttp 154 "GET /mange/ HTTP/1.1" 200 379
INFO 2022-05-25 22:16:43,532 autoreload 597 Watching for file changes with StatReloader
INFO 2022-05-25 22:16:44,811 basehttp 154 "GET / HTTP/1.1" 200 2032
INFO 2022-05-25 22:16:50,746 basehttp 154 "POST /login/ HTTP/1.1" 200 2059
INFO 2022-05-25 22:16:56,839 basehttp 154 "POST /login/ HTTP/1.1" 302 0
INFO 2022-05-25 22:16:56,936 basehttp 154 "GET /mange/ HTTP/1.1" 200 323
INFO 2022-05-25 22:18:47,367 basehttp 154 "GET /mange/ HTTP/1.1" 200 464
WARNING 2022-05-25 22:25:22,292 log 228 Not Found: /favicon.ico
WARNING 2022-05-25 22:25:22,292 basehttp 154 "GET /favicon.ico HTTP/1.1" 404 2504
INFO 2022-05-25 22:31:18,617 basehttp 154 "GET /mange/ HTTP/1.1" 200 89563
WARNING 2022-05-25 22:31:18,641 basehttp 154 "GET /static/media/avatar.42a86687.jpg HTTP/1.1" 404 1699
WARNING 2022-05-25 22:31:18,648 basehttp 154 "GET /static/media/customer-support.ed122f05.png HTTP/1.1" 404 1729
WARNING 2022-05-25 22:31:18,660 basehttp 154 "GET /static/media/avatar-5.b309bbe2.jpg HTTP/1.1" 404 1705
WARNING 2022-05-25 22:31:18,661 basehttp 154 "GET /static/media/avatar-4.93166a0c.jpg HTTP/1.1" 404 1705
INFO 2022-05-25 22:57:33,640 basehttp 154 "GET / HTTP/1.1" 200 2032
WARNING 2022-05-25 22:57:33,829 log 228 Not Found: /favicon.ico
WARNING 2022-05-25 22:57:33,829 basehttp 154 "GET /favicon.ico HTTP/1.1" 404 2504
INFO 2022-05-25 22:57:47,208 basehttp 154 "POST /login/ HTTP/1.1" 200 2059
INFO 2022-05-25 22:57:53,452 basehttp 154 "POST /login/ HTTP/1.1" 200 2059
INFO 2022-05-25 22:57:56,564 basehttp 154 "POST /login/ HTTP/1.1" 200 2059
INFO 2022-05-26 15:21:55,617 autoreload 597 Watching for file changes with StatReloader
INFO 2022-05-26 15:22:00,952 basehttp 154 "GET / HTTP/1.1" 200 2032
WARNING 2022-05-26 15:22:02,167 log 228 Not Found: /favicon.ico
WARNING 2022-05-26 15:22:02,168 basehttp 154 "GET /favicon.ico HTTP/1.1" 404 2504
INFO 2022-05-26 15:34:58,841 autoreload 217 E:\daima\Yun-API\django-p\test_platform\test_platform\settings.py changed, reloading.
INFO 2022-05-26 15:34:59,279 autoreload 597 Watching for file changes with StatReloader
INFO 2022-05-26 15:35:36,082 autoreload 217 E:\daima\Yun-API\django-p\test_platform\test_platform\settings.py changed, reloading.
INFO 2022-05-26 15:35:36,524 autoreload 597 Watching for file changes with StatReloader
INFO 2022-05-26 15:42:07,146 autoreload 597 Watching for file changes with StatReloader
INFO 2022-05-26 15:42:08,939 basehttp 154 "GET / HTTP/1.1" 200 949
INFO 2022-05-26 15:42:09,267 basehttp 154 "GET /static/css/theme.css HTTP/1.1" 200 1233
INFO 2022-05-26 15:43:39,888 basehttp 154 "GET / HTTP/1.1" 200 948
INFO 2022-05-26 15:43:39,914 basehttp 154 "GET /static/css/theme.css HTTP/1.1" 200 1237
INFO 2022-05-26 15:45:45,800 basehttp 154 "GET / HTTP/1.1" 200 965
INFO 2022-05-26 15:45:45,826 basehttp 154 "GET /static/css/theme.css HTTP/1.1" 304 0
INFO 2022-05-26 15:48:33,684 basehttp 154 "GET / HTTP/1.1" 200 1141
INFO 2022-05-26 15:48:33,715 basehttp 154 "GET /static/css/theme.css HTTP/1.1" 304 0
INFO 2022-05-26 15:48:46,553 basehttp 154 "GET / HTTP/1.1" 200 1002
INFO 2022-05-26 15:49:35,360 autoreload 597 Watching for file changes with StatReloader
INFO 2022-05-26 15:49:37,345 basehttp 154 "GET / HTTP/1.1" 200 990
INFO 2022-05-26 15:49:37,371 basehttp 154 "GET /static/css/theme.css HTTP/1.1" 304 0
INFO 2022-05-26 15:49:44,595 basehttp 154 "POST /login/ HTTP/1.1" 302 0
INFO 2022-05-26 15:49:44,791 basehttp 154 "GET /mange/ HTTP/1.1" 200 89563
WARNING 2022-05-26 15:49:44,838 basehttp 154 "GET /static/media/avatar-5.b309bbe2.jpg HTTP/1.1" 404 1705
WARNING 2022-05-26 15:49:44,838 basehttp 154 "GET /static/media/customer-support.ed122f05.png HTTP/1.1" 404 1729
WARNING 2022-05-26 15:49:44,838 basehttp 154 "GET /static/media/avatar-4.93166a0c.jpg HTTP/1.1" 404 1705
WARNING 2022-05-26 15:49:44,839 basehttp 154 "GET /static/media/avatar.42a86687.jpg HTTP/1.1" 404 1699
INFO 2022-05-26 15:49:54,124 basehttp 154 "GET /logout/ HTTP/1.1" 302 0
WARNING 2022-05-26 15:49:54,129 log 228 Not Found: /accounts/login/
WARNING 2022-05-26 15:49:54,129 basehttp 154 "GET /accounts/login/?next=/logout/ HTTP/1.1" 404 2530
INFO 2022-05-26 17:14:52,762 autoreload 597 Watching for file changes with StatReloader
INFO 2022-05-26 17:14:54,363 basehttp 154 "GET / HTTP/1.1" 200 1059
INFO 2022-05-26 17:14:54,382 basehttp 154 "GET /static/css/theme.css HTTP/1.1" 200 1237
INFO 2022-05-26 17:14:55,116 basehttp 154 "GET /static/1.png HTTP/1.1" 200 8600
INFO 2022-05-26 17:18:45,124 basehttp 154 "GET / HTTP/1.1" 200 1059
INFO 2022-05-27 10:03:19,503 autoreload 597 Watching for file changes with StatReloader
INFO 2022-05-27 10:31:59,306 autoreload 597 Watching for file changes with StatReloader
INFO 2022-05-27 12:11:21,395 autoreload 597 Watching for file changes with StatReloader
INFO 2022-05-27 12:14:28,302 autoreload 597 Watching for file changes with StatReloader
INFO 2022-05-27 12:15:17,726 autoreload 597 Watching for file changes with StatReloader
INFO 2022-05-27 12:15:19,974 basehttp 154 "GET / HTTP/1.1" 200 1059
INFO 2022-05-27 12:15:20,012 basehttp 154 "GET /static/css/theme.css HTTP/1.1" 304 0
ERROR 2022-05-27 12:15:31,044 log 228 Internal Server Error: /login/
Traceback (most recent call last):
  File "D:\py3.7\lib\site-packages\django\db\backends\utils.py", line 84, in _execute
    return self.cursor.execute(sql, params)
  File "D:\py3.7\lib\site-packages\django\db\backends\mysql\base.py", line 71, in execute
    return self.cursor.execute(query, args)
  File "D:\py3.7\lib\site-packages\MySQLdb\cursors.py", line 209, in execute
    res = self._query(query)
  File "D:\py3.7\lib\site-packages\MySQLdb\cursors.py", line 315, in _query
    db.query(q)
  File "D:\py3.7\lib\site-packages\MySQLdb\connections.py", line 239, in query
    _mysql.connection.query(self, query)
MySQLdb._exceptions.ProgrammingError: (1146, "Table 'django_test.auth_user' doesn't exist")

The above exception was the direct cause of the following exception:

Traceback (most recent call last):
  File "D:\py3.7\lib\site-packages\django\core\handlers\exception.py", line 34, in inner
    response = get_response(request)
  File "D:\py3.7\lib\site-packages\django\core\handlers\base.py", line 115, in _get_response
    response = self.process_exception_by_middleware(e, request)
  File "D:\py3.7\lib\site-packages\django\core\handlers\base.py", line 113, in _get_response
    response = wrapped_callback(request, *callback_args, **callback_kwargs)
  File "E:\daima\Yun-API\django-p\fiyday\test_platform\app_personal\views.py", line 34, in login
    user = auth.authenticate(username=username, password=password)
  File "D:\py3.7\lib\site-packages\django\contrib\auth\__init__.py", line 73, in authenticate
    user = backend.authenticate(request, **credentials)
  File "D:\py3.7\lib\site-packages\django\contrib\auth\backends.py", line 20, in authenticate
    user = UserModel._default_manager.get_by_natural_key(username)
  File "D:\py3.7\lib\site-packages\django\contrib\auth\base_user.py", line 44, in get_by_natural_key
    return self.get(**{self.model.USERNAME_FIELD: username})
  File "D:\py3.7\lib\site-packages\django\db\models\manager.py", line 82, in manager_method
    return getattr(self.get_queryset(), name)(*args, **kwargs)
  File "D:\py3.7\lib\site-packages\django\db\models\query.py", line 402, in get
    num = len(clone)
  File "D:\py3.7\lib\site-packages\django\db\models\query.py", line 256, in __len__
    self._fetch_all()
  File "D:\py3.7\lib\site-packages\django\db\models\query.py", line 1242, in _fetch_all
    self._result_cache = list(self._iterable_class(self))
  File "D:\py3.7\lib\site-packages\django\db\models\query.py", line 55, in __iter__
    results = compiler.execute_sql(chunked_fetch=self.chunked_fetch, chunk_size=self.chunk_size)
  File "D:\py3.7\lib\site-packages\django\db\models\sql\compiler.py", line 1100, in execute_sql
    cursor.execute(sql, params)
  File "D:\py3.7\lib\site-packages\django\db\backends\utils.py", line 99, in execute
    return super().execute(sql, params)
  File "D:\py3.7\lib\site-packages\django\db\backends\utils.py", line 67, in execute
    return self._execute_with_wrappers(sql, params, many=False, executor=self._execute)
  File "D:\py3.7\lib\site-packages\django\db\backends\utils.py", line 76, in _execute_with_wrappers
    return executor(sql, params, many, context)
  File "D:\py3.7\lib\site-packages\django\db\backends\utils.py", line 84, in _execute
    return self.cursor.execute(sql, params)
  File "D:\py3.7\lib\site-packages\django\db\utils.py", line 89, in __exit__
    raise dj_exc_value.with_traceback(traceback) from exc_value
  File "D:\py3.7\lib\site-packages\django\db\backends\utils.py", line 84, in _execute
    return self.cursor.execute(sql, params)
  File "D:\py3.7\lib\site-packages\django\db\backends\mysql\base.py", line 71, in execute
    return self.cursor.execute(query, args)
  File "D:\py3.7\lib\site-packages\MySQLdb\cursors.py", line 209, in execute
    res = self._query(query)
  File "D:\py3.7\lib\site-packages\MySQLdb\cursors.py", line 315, in _query
    db.query(q)
  File "D:\py3.7\lib\site-packages\MySQLdb\connections.py", line 239, in query
    _mysql.connection.query(self, query)
django.db.utils.ProgrammingError: (1146, "Table 'django_test.auth_user' doesn't exist")
ERROR 2022-05-27 12:15:31,052 basehttp 154 "POST /login/ HTTP/1.1" 500 178128
WARNING 2022-05-27 12:15:31,302 log 228 Not Found: /favicon.ico
WARNING 2022-05-27 12:15:31,303 basehttp 154 "GET /favicon.ico HTTP/1.1" 404 2504
INFO 2022-05-27 12:16:36,831 basehttp 154 "GET /admin HTTP/1.1" 301 0
INFO 2022-05-27 12:16:36,844 basehttp 154 "GET /admin/ HTTP/1.1" 302 0
INFO 2022-05-27 12:16:36,872 basehttp 154 "GET /admin/login/?next=/admin/ HTTP/1.1" 200 1819
INFO 2022-05-27 12:16:36,912 basehttp 154 "GET /static/admin/css/base.css HTTP/1.1" 200 16378
INFO 2022-05-27 12:16:36,912 basehttp 154 "GET /static/admin/css/login.css HTTP/1.1" 200 1233
INFO 2022-05-27 12:16:36,913 basehttp 154 "GET /static/admin/css/responsive.css HTTP/1.1" 200 17944
INFO 2022-05-27 12:16:36,919 basehttp 154 "GET /static/admin/css/fonts.css HTTP/1.1" 200 423
INFO 2022-05-27 12:16:36,990 basehttp 154 "GET /static/admin/fonts/Roboto-Light-webfont.woff HTTP/1.1" 200 85692
INFO 2022-05-27 12:16:36,992 basehttp 154 "GET /static/admin/fonts/Roboto-Regular-webfont.woff HTTP/1.1" 200 85876
ERROR 2022-05-27 12:16:50,651 log 228 Internal Server Error: /admin/login/
Traceback (most recent call last):
  File "D:\py3.7\lib\site-packages\django\db\backends\utils.py", line 84, in _execute
    return self.cursor.execute(sql, params)
  File "D:\py3.7\lib\site-packages\django\db\backends\mysql\base.py", line 71, in execute
    return self.cursor.execute(query, args)
  File "D:\py3.7\lib\site-packages\MySQLdb\cursors.py", line 209, in execute
    res = self._query(query)
  File "D:\py3.7\lib\site-packages\MySQLdb\cursors.py", line 315, in _query
    db.query(q)
  File "D:\py3.7\lib\site-packages\MySQLdb\connections.py", line 239, in query
    _mysql.connection.query(self, query)
MySQLdb._exceptions.ProgrammingError: (1146, "Table 'django_test.auth_user' doesn't exist")

The above exception was the direct cause of the following exception:

Traceback (most recent call last):
  File "D:\py3.7\lib\site-packages\django\core\handlers\exception.py", line 34, in inner
    response = get_response(request)
  File "D:\py3.7\lib\site-packages\django\core\handlers\base.py", line 115, in _get_response
    response = self.process_exception_by_middleware(e, request)
  File "D:\py3.7\lib\site-packages\django\core\handlers\base.py", line 113, in _get_response
    response = wrapped_callback(request, *callback_args, **callback_kwargs)
  File "D:\py3.7\lib\site-packages\django\views\decorators\cache.py", line 44, in _wrapped_view_func
    response = view_func(request, *args, **kwargs)
  File "D:\py3.7\lib\site-packages\django\contrib\admin\sites.py", line 399, in login
    return LoginView.as_view(**defaults)(request)
  File "D:\py3.7\lib\site-packages\django\views\generic\base.py", line 71, in view
    return self.dispatch(request, *args, **kwargs)
  File "D:\py3.7\lib\site-packages\django\utils\decorators.py", line 45, in _wrapper
    return bound_method(*args, **kwargs)
  File "D:\py3.7\lib\site-packages\django\views\decorators\debug.py", line 76, in sensitive_post_parameters_wrapper
    return view(request, *args, **kwargs)
  File "D:\py3.7\lib\site-packages\django\utils\decorators.py", line 45, in _wrapper
    return bound_method(*args, **kwargs)
  File "D:\py3.7\lib\site-packages\django\utils\decorators.py", line 142, in _wrapped_view
    response = view_func(request, *args, **kwargs)
  File "D:\py3.7\lib\site-packages\django\utils\decorators.py", line 45, in _wrapper
    return bound_method(*args, **kwargs)
  File "D:\py3.7\lib\site-packages\django\views\decorators\cache.py", line 44, in _wrapped_view_func
    response = view_func(request, *args, **kwargs)
  File "D:\py3.7\lib\site-packages\django\contrib\auth\views.py", line 61, in dispatch
    return super().dispatch(request, *args, **kwargs)
  File "D:\py3.7\lib\site-packages\django\views\generic\base.py", line 97, in dispatch
    return handler(request, *args, **kwargs)
  File "D:\py3.7\lib\site-packages\django\views\generic\edit.py", line 141, in post
    if form.is_valid():
  File "D:\py3.7\lib\site-packages\django\forms\forms.py", line 185, in is_valid
    return self.is_bound and not self.errors
  File "D:\py3.7\lib\site-packages\django\forms\forms.py", line 180, in errors
    self.full_clean()
  File "D:\py3.7\lib\site-packages\django\forms\forms.py", line 382, in full_clean
    self._clean_form()
  File "D:\py3.7\lib\site-packages\django\forms\forms.py", line 409, in _clean_form
    cleaned_data = self.clean()
  File "D:\py3.7\lib\site-packages\django\contrib\auth\forms.py", line 196, in clean
    self.user_cache = authenticate(self.request, username=username, password=password)
  File "D:\py3.7\lib\site-packages\django\contrib\auth\__init__.py", line 73, in authenticate
    user = backend.authenticate(request, **credentials)
  File "D:\py3.7\lib\site-packages\django\contrib\auth\backends.py", line 20, in authenticate
    user = UserModel._default_manager.get_by_natural_key(username)
  File "D:\py3.7\lib\site-packages\django\contrib\auth\base_user.py", line 44, in get_by_natural_key
    return self.get(**{self.model.USERNAME_FIELD: username})
  File "D:\py3.7\lib\site-packages\django\db\models\manager.py", line 82, in manager_method
    return getattr(self.get_queryset(), name)(*args, **kwargs)
  File "D:\py3.7\lib\site-packages\django\db\models\query.py", line 402, in get
    num = len(clone)
  File "D:\py3.7\lib\site-packages\django\db\models\query.py", line 256, in __len__
    self._fetch_all()
  File "D:\py3.7\lib\site-packages\django\db\models\query.py", line 1242, in _fetch_all
    self._result_cache = list(self._iterable_class(self))
  File "D:\py3.7\lib\site-packages\django\db\models\query.py", line 55, in __iter__
    results = compiler.execute_sql(chunked_fetch=self.chunked_fetch, chunk_size=self.chunk_size)
  File "D:\py3.7\lib\site-packages\django\db\models\sql\compiler.py", line 1100, in execute_sql
    cursor.execute(sql, params)
  File "D:\py3.7\lib\site-packages\django\db\backends\utils.py", line 99, in execute
    return super().execute(sql, params)
  File "D:\py3.7\lib\site-packages\django\db\backends\utils.py", line 67, in execute
    return self._execute_with_wrappers(sql, params, many=False, executor=self._execute)
  File "D:\py3.7\lib\site-packages\django\db\backends\utils.py", line 76, in _execute_with_wrappers
    return executor(sql, params, many, context)
  File "D:\py3.7\lib\site-packages\django\db\backends\utils.py", line 84, in _execute
    return self.cursor.execute(sql, params)
  File "D:\py3.7\lib\site-packages\django\db\utils.py", line 89, in __exit__
    raise dj_exc_value.with_traceback(traceback) from exc_value
  File "D:\py3.7\lib\site-packages\django\db\backends\utils.py", line 84, in _execute
    return self.cursor.execute(sql, params)
  File "D:\py3.7\lib\site-packages\django\db\backends\mysql\base.py", line 71, in execute
    return self.cursor.execute(query, args)
  File "D:\py3.7\lib\site-packages\MySQLdb\cursors.py", line 209, in execute
    res = self._query(query)
  File "D:\py3.7\lib\site-packages\MySQLdb\cursors.py", line 315, in _query
    db.query(q)
  File "D:\py3.7\lib\site-packages\MySQLdb\connections.py", line 239, in query
    _mysql.connection.query(self, query)
django.db.utils.ProgrammingError: (1146, "Table 'django_test.auth_user' doesn't exist")
ERROR 2022-05-27 12:16:50,657 basehttp 154 "POST /admin/login/?next=/admin/ HTTP/1.1" 500 249945
INFO 2022-05-27 13:37:19,584 autoreload 597 Watching for file changes with StatReloader
INFO 2022-05-27 13:37:27,726 basehttp 154 "GET / HTTP/1.1" 200 1059
INFO 2022-05-27 13:37:27,825 basehttp 154 "GET /static/css/theme.css HTTP/1.1" 200 1237
INFO 2022-05-27 13:37:28,787 basehttp 154 "GET /static/1.png HTTP/1.1" 200 8600
INFO 2022-05-27 19:15:07,725 autoreload 597 Watching for file changes with StatReloader
INFO 2022-05-27 19:15:10,723 basehttp 154 "GET / HTTP/1.1" 200 1059
INFO 2022-05-27 19:15:10,774 basehttp 154 "GET /static/css/theme.css HTTP/1.1" 200 1237
INFO 2022-05-27 19:15:10,833 basehttp 154 "GET /static/1.png HTTP/1.1" 200 8600
INFO 2022-05-27 19:19:39,734 basehttp 154 "POST /login/ HTTP/1.1" 302 0
INFO 2022-05-27 19:19:39,842 basehttp 154 "GET /mange/ HTTP/1.1" 200 89350
WARNING 2022-05-27 19:19:39,889 basehttp 154 "GET /static/media/avatar.42a86687.jpg HTTP/1.1" 404 1699
INFO 2022-05-27 19:19:39,889 basehttp 154 "GET /static/css/classic.css HTTP/1.1" 200 449793
WARNING 2022-05-27 19:19:39,904 basehttp 154 "GET /static/media/customer-support.ed122f05.png HTTP/1.1" 404 1729
WARNING 2022-05-27 19:19:39,908 basehttp 154 "GET /static/media/avatar-5.b309bbe2.jpg HTTP/1.1" 404 1705
WARNING 2022-05-27 19:19:39,913 basehttp 154 "GET /static/media/avatar-4.93166a0c.jpg HTTP/1.1" 404 1705
INFO 2022-05-27 19:20:35,565 basehttp 154 "GET /mange/ HTTP/1.1" 200 89294
WARNING 2022-05-27 19:20:35,601 basehttp 154 "GET /static/media/avatar.42a86687.jpg HTTP/1.1" 404 1699
INFO 2022-05-27 19:20:35,609 basehttp 154 "GET /static/css/classic.css HTTP/1.1" 200 449793
WARNING 2022-05-27 19:20:35,621 basehttp 154 "GET /static/media/customer-support.ed122f05.png HTTP/1.1" 404 1729
WARNING 2022-05-27 19:20:35,623 basehttp 154 "GET /static/media/avatar-5.b309bbe2.jpg HTTP/1.1" 404 1705
WARNING 2022-05-27 19:20:35,626 basehttp 154 "GET /static/media/avatar-4.93166a0c.jpg HTTP/1.1" 404 1705
WARNING 2022-05-27 19:20:35,652 basehttp 154 "GET /static/media/avatar.42a86687.jpg HTTP/1.1" 404 1699
WARNING 2022-05-27 19:20:36,050 log 228 Not Found: /favicon.ico
WARNING 2022-05-27 19:20:36,051 basehttp 154 "GET /favicon.ico HTTP/1.1" 404 2504
ERROR 2022-05-27 19:20:36,354 log 228 Internal Server Error: /mange/
Traceback (most recent call last):
  File "D:\auth\py-3.7\lib\site-packages\django\db\backends\base\base.py", line 217, in ensure_connection
    self.connect()
  File "D:\auth\py-3.7\lib\site-packages\django\db\backends\base\base.py", line 195, in connect
    self.connection = self.get_new_connection(conn_params)
  File "D:\auth\py-3.7\lib\site-packages\django\db\backends\mysql\base.py", line 227, in get_new_connection
    return Database.connect(**conn_params)
  File "D:\auth\py-3.7\lib\site-packages\MySQLdb\__init__.py", line 123, in Connect
    return Connection(*args, **kwargs)
  File "D:\auth\py-3.7\lib\site-packages\MySQLdb\connections.py", line 185, in __init__
    super().__init__(*args, **kwargs2)
MySQLdb._exceptions.OperationalError: (2002, "Can't connect to server on '120.76.201.231' (10060)")

The above exception was the direct cause of the following exception:

Traceback (most recent call last):
  File "D:\auth\py-3.7\lib\site-packages\django\core\handlers\exception.py", line 34, in inner
    response = get_response(request)
  File "D:\auth\py-3.7\lib\site-packages\django\core\handlers\base.py", line 115, in _get_response
    response = self.process_exception_by_middleware(e, request)
  File "D:\auth\py-3.7\lib\site-packages\django\core\handlers\base.py", line 113, in _get_response
    response = wrapped_callback(request, *callback_args, **callback_kwargs)
  File "E:\dj\banma\django-p\fiyday\test_platform\app_manage\views.py", line 12, in mange
    return render(request, "manage.html", {"projects": project_list})
  File "D:\auth\py-3.7\lib\site-packages\django\shortcuts.py", line 36, in render
    content = loader.render_to_string(template_name, context, request, using=using)
  File "D:\auth\py-3.7\lib\site-packages\django\template\loader.py", line 62, in render_to_string
    return template.render(context, request)
  File "D:\auth\py-3.7\lib\site-packages\django\template\backends\django.py", line 61, in render
    return self.template.render(context)
  File "D:\auth\py-3.7\lib\site-packages\django\template\base.py", line 171, in render
    return self._render(context)
  File "D:\auth\py-3.7\lib\site-packages\django\template\base.py", line 163, in _render
    return self.nodelist.render(context)
  File "D:\auth\py-3.7\lib\site-packages\django\template\base.py", line 937, in render
    bit = node.render_annotated(context)
  File "D:\auth\py-3.7\lib\site-packages\django\template\base.py", line 904, in render_annotated
    return self.render(context)
  File "D:\auth\py-3.7\lib\site-packages\django\template\defaulttags.py", line 166, in render
    len_values = len(values)
  File "D:\auth\py-3.7\lib\site-packages\django\db\models\query.py", line 256, in __len__
    self._fetch_all()
  File "D:\auth\py-3.7\lib\site-packages\django\db\models\query.py", line 1242, in _fetch_all
    self._result_cache = list(self._iterable_class(self))
  File "D:\auth\py-3.7\lib\site-packages\django\db\models\query.py", line 55, in __iter__
    results = compiler.execute_sql(chunked_fetch=self.chunked_fetch, chunk_size=self.chunk_size)
  File "D:\auth\py-3.7\lib\site-packages\django\db\models\sql\compiler.py", line 1098, in execute_sql
    cursor = self.connection.cursor()
  File "D:\auth\py-3.7\lib\site-packages\django\db\backends\base\base.py", line 256, in cursor
    return self._cursor()
  File "D:\auth\py-3.7\lib\site-packages\django\db\backends\base\base.py", line 233, in _cursor
    self.ensure_connection()
  File "D:\auth\py-3.7\lib\site-packages\django\db\backends\base\base.py", line 217, in ensure_connection
    self.connect()
  File "D:\auth\py-3.7\lib\site-packages\django\db\utils.py", line 89, in __exit__
    raise dj_exc_value.with_traceback(traceback) from exc_value
  File "D:\auth\py-3.7\lib\site-packages\django\db\backends\base\base.py", line 217, in ensure_connection
    self.connect()
  File "D:\auth\py-3.7\lib\site-packages\django\db\backends\base\base.py", line 195, in connect
    self.connection = self.get_new_connection(conn_params)
  File "D:\auth\py-3.7\lib\site-packages\django\db\backends\mysql\base.py", line 227, in get_new_connection
    return Database.connect(**conn_params)
  File "D:\auth\py-3.7\lib\site-packages\MySQLdb\__init__.py", line 123, in Connect
    return Connection(*args, **kwargs)
  File "D:\auth\py-3.7\lib\site-packages\MySQLdb\connections.py", line 185, in __init__
    super().__init__(*args, **kwargs2)
django.db.utils.OperationalError: (2002, "Can't connect to server on '120.76.201.231' (10060)")
ERROR 2022-05-27 19:20:36,377 basehttp 154 "GET /mange/ HTTP/1.1" 500 215867
INFO 2022-05-27 19:20:45,876 autoreload 597 Watching for file changes with StatReloader
INFO 2022-05-27 19:20:57,044 basehttp 154 "GET /mange/ HTTP/1.1" 200 89294
WARNING 2022-05-27 19:20:57,087 basehttp 154 "GET /static/media/avatar.42a86687.jpg HTTP/1.1" 404 1699
WARNING 2022-05-27 19:20:57,087 basehttp 154 "GET /static/media/customer-support.ed122f05.png HTTP/1.1" 404 1729
WARNING 2022-05-27 19:20:57,102 basehttp 154 "GET /static/media/avatar-5.b309bbe2.jpg HTTP/1.1" 404 1705
WARNING 2022-05-27 19:20:57,102 basehttp 154 "GET /static/media/avatar-4.93166a0c.jpg HTTP/1.1" 404 1705
WARNING 2022-05-27 19:20:57,120 basehttp 154 "GET /static/media/avatar.42a86687.jpg HTTP/1.1" 404 1699
WARNING 2022-05-27 19:21:02,729 log 228 Not Found: /dashboard/default
WARNING 2022-05-27 19:21:02,730 basehttp 154 "GET /dashboard/default HTTP/1.1" 404 2522
INFO 2022-05-27 19:21:18,849 basehttp 154 "GET / HTTP/1.1" 200 1059
INFO 2022-05-27 19:21:18,873 basehttp 154 "GET /static/css/theme.css HTTP/1.1" 200 1237
INFO 2022-05-27 19:21:18,887 basehttp 154 "GET /static/1.png HTTP/1.1" 200 8600
INFO 2022-05-27 19:21:26,832 basehttp 154 "POST /login/ HTTP/1.1" 302 0
INFO 2022-05-27 19:21:26,948 basehttp 154 "GET /mange/ HTTP/1.1" 200 89294
WARNING 2022-05-27 19:21:26,992 basehttp 154 "GET /static/media/avatar.42a86687.jpg HTTP/1.1" 404 1699
WARNING 2022-05-27 19:21:26,997 basehttp 154 "GET /static/media/customer-support.ed122f05.png HTTP/1.1" 404 1729
WARNING 2022-05-27 19:21:27,010 basehttp 154 "GET /static/media/avatar-4.93166a0c.jpg HTTP/1.1" 404 1705
WARNING 2022-05-27 19:21:27,010 basehttp 154 "GET /static/media/avatar-5.b309bbe2.jpg HTTP/1.1" 404 1705
INFO 2022-05-27 19:21:33,317 basehttp 154 "POST /login/ HTTP/1.1" 200 1086
INFO 2022-05-27 19:21:36,265 basehttp 154 "POST /login/ HTTP/1.1" 302 0
INFO 2022-05-27 19:21:36,395 basehttp 154 "GET /mange/ HTTP/1.1" 200 89294
WARNING 2022-05-27 19:21:36,430 basehttp 154 "GET /static/media/avatar.42a86687.jpg HTTP/1.1" 404 1699
WARNING 2022-05-27 19:21:36,436 basehttp 154 "GET /static/media/customer-support.ed122f05.png HTTP/1.1" 404 1729
WARNING 2022-05-27 19:21:36,446 basehttp 154 "GET /static/media/avatar-5.b309bbe2.jpg HTTP/1.1" 404 1705
WARNING 2022-05-27 19:21:36,447 basehttp 154 "GET /static/media/avatar-4.93166a0c.jpg HTTP/1.1" 404 1705
INFO 2022-05-27 19:27:23,861 basehttp 154 "GET /mange/ HTTP/1.1" 200 89399
WARNING 2022-05-27 19:27:23,909 basehttp 154 "GET /static/media/avatar.42a86687.jpg HTTP/1.1" 404 1699
WARNING 2022-05-27 19:27:23,911 basehttp 154 "GET /static/media/customer-support.ed122f05.png HTTP/1.1" 404 1729
WARNING 2022-05-27 19:27:23,926 basehttp 154 "GET /static/media/avatar-5.b309bbe2.jpg HTTP/1.1" 404 1705
WARNING 2022-05-27 19:27:23,927 basehttp 154 "GET /static/media/avatar-4.93166a0c.jpg HTTP/1.1" 404 1705
INFO 2022-05-27 19:28:43,492 basehttp 154 "GET /mange/ HTTP/1.1" 200 89401
WARNING 2022-05-27 19:28:43,512 basehttp 154 "GET /static/media/avatar.42a86687.jpg HTTP/1.1" 404 1699
WARNING 2022-05-27 19:28:43,514 basehttp 154 "GET /static/media/customer-support.ed122f05.png HTTP/1.1" 404 1729
WARNING 2022-05-27 19:28:43,528 basehttp 154 "GET /static/media/avatar-5.b309bbe2.jpg HTTP/1.1" 404 1705
WARNING 2022-05-27 19:28:43,529 basehttp 154 "GET /static/media/avatar-4.93166a0c.jpg HTTP/1.1" 404 1705
INFO 2022-05-27 19:29:19,973 basehttp 154 "GET /mange/ HTTP/1.1" 200 89401
WARNING 2022-05-27 19:29:20,007 basehttp 154 "GET /static/media/avatar.42a86687.jpg HTTP/1.1" 404 1699
WARNING 2022-05-27 19:29:20,018 basehttp 154 "GET /static/media/customer-support.ed122f05.png HTTP/1.1" 404 1729
WARNING 2022-05-27 19:29:20,027 basehttp 154 "GET /static/media/avatar-5.b309bbe2.jpg HTTP/1.1" 404 1705
WARNING 2022-05-27 19:29:20,029 basehttp 154 "GET /static/media/avatar-4.93166a0c.jpg HTTP/1.1" 404 1705
INFO 2022-05-27 19:29:56,375 basehttp 154 "GET /mange/ HTTP/1.1" 200 89386
WARNING 2022-05-27 19:29:56,390 basehttp 154 "GET /static/media/avatar.42a86687.jpg HTTP/1.1" 404 1699
WARNING 2022-05-27 19:29:56,398 basehttp 154 "GET /static/media/customer-support.ed122f05.png HTTP/1.1" 404 1729
WARNING 2022-05-27 19:29:56,404 basehttp 154 "GET /static/media/avatar-5.b309bbe2.jpg HTTP/1.1" 404 1705
WARNING 2022-05-27 19:29:56,407 basehttp 154 "GET /static/media/avatar-4.93166a0c.jpg HTTP/1.1" 404 1705
INFO 2022-05-27 19:31:03,592 basehttp 154 "GET /mange/ HTTP/1.1" 200 89221
WARNING 2022-05-27 19:31:03,611 basehttp 154 "GET /static/media/avatar.42a86687.jpg HTTP/1.1" 404 1699
WARNING 2022-05-27 19:31:03,612 basehttp 154 "GET /static/media/customer-support.ed122f05.png HTTP/1.1" 404 1729
WARNING 2022-05-27 19:31:03,628 basehttp 154 "GET /static/media/avatar-5.b309bbe2.jpg HTTP/1.1" 404 1705
WARNING 2022-05-27 19:31:03,629 basehttp 154 "GET /static/media/avatar-4.93166a0c.jpg HTTP/1.1" 404 1705
INFO 2022-05-27 19:31:54,350 basehttp 154 "GET /mange/ HTTP/1.1" 200 87566
WARNING 2022-05-27 19:31:54,365 basehttp 154 "GET /static/media/avatar.42a86687.jpg HTTP/1.1" 404 1699
WARNING 2022-05-27 19:31:54,369 basehttp 154 "GET /static/media/customer-support.ed122f05.png HTTP/1.1" 404 1729
WARNING 2022-05-27 19:31:54,378 basehttp 154 "GET /static/media/avatar-5.b309bbe2.jpg HTTP/1.1" 404 1705
WARNING 2022-05-27 19:31:54,379 basehttp 154 "GET /static/media/avatar-4.93166a0c.jpg HTTP/1.1" 404 1705
INFO 2022-05-27 19:35:37,639 basehttp 154 "GET /mange/ HTTP/1.1" 200 89211
WARNING 2022-05-27 19:35:37,658 basehttp 154 "GET /static/media/avatar.42a86687.jpg HTTP/1.1" 404 1699
WARNING 2022-05-27 19:35:37,660 basehttp 154 "GET /static/media/customer-support.ed122f05.png HTTP/1.1" 404 1729
WARNING 2022-05-27 19:35:37,679 basehttp 154 "GET /static/media/avatar-5.b309bbe2.jpg HTTP/1.1" 404 1705
WARNING 2022-05-27 19:35:37,679 basehttp 154 "GET /static/media/avatar-4.93166a0c.jpg HTTP/1.1" 404 1705
WARNING 2022-05-27 19:35:38,719 log 228 Not Found: /dashboard/analytics
WARNING 2022-05-27 19:35:38,720 basehttp 154 "GET /dashboard/analytics HTTP/1.1" 404 2528
WARNING 2022-05-27 19:35:45,701 log 228 Not Found: /docs/introduction
WARNING 2022-05-27 19:35:45,701 basehttp 154 "GET /docs/introduction HTTP/1.1" 404 2522
INFO 2022-05-27 19:36:39,400 basehttp 154 "GET /mange/ HTTP/1.1" 200 87577
WARNING 2022-05-27 19:36:39,415 basehttp 154 "GET /static/media/avatar.42a86687.jpg HTTP/1.1" 404 1699
WARNING 2022-05-27 19:36:39,417 basehttp 154 "GET /static/media/customer-support.ed122f05.png HTTP/1.1" 404 1729
WARNING 2022-05-27 19:36:39,429 basehttp 154 "GET /static/media/avatar-5.b309bbe2.jpg HTTP/1.1" 404 1705
WARNING 2022-05-27 19:36:39,429 basehttp 154 "GET /static/media/avatar-4.93166a0c.jpg HTTP/1.1" 404 1705
INFO 2022-05-27 19:37:08,942 basehttp 154 "GET /mange/ HTTP/1.1" 200 87577
WARNING 2022-05-27 19:37:08,958 basehttp 154 "GET /static/media/avatar.42a86687.jpg HTTP/1.1" 404 1699
WARNING 2022-05-27 19:37:08,962 basehttp 154 "GET /static/media/customer-support.ed122f05.png HTTP/1.1" 404 1729
WARNING 2022-05-27 19:37:08,972 basehttp 154 "GET /static/media/avatar-5.b309bbe2.jpg HTTP/1.1" 404 1705
WARNING 2022-05-27 19:37:08,974 basehttp 154 "GET /static/media/avatar-4.93166a0c.jpg HTTP/1.1" 404 1705
INFO 2022-05-27 19:37:10,252 basehttp 154 "GET /mange/ HTTP/1.1" 200 87577
WARNING 2022-05-27 19:37:10,275 basehttp 154 "GET /static/media/customer-support.ed122f05.png HTTP/1.1" 404 1729
WARNING 2022-05-27 19:37:10,275 basehttp 154 "GET /static/media/avatar.42a86687.jpg HTTP/1.1" 404 1699
WARNING 2022-05-27 19:37:10,285 basehttp 154 "GET /static/media/avatar-5.b309bbe2.jpg HTTP/1.1" 404 1705
WARNING 2022-05-27 19:37:10,287 basehttp 154 "GET /static/media/avatar-4.93166a0c.jpg HTTP/1.1" 404 1705
INFO 2022-05-27 19:44:25,768 basehttp 154 "GET /mange/ HTTP/1.1" 200 87563
WARNING 2022-05-27 19:44:25,784 basehttp 154 "GET /static/media/avatar.42a86687.jpg HTTP/1.1" 404 1699
WARNING 2022-05-27 19:44:25,788 basehttp 154 "GET /static/media/customer-support.ed122f05.png HTTP/1.1" 404 1729
WARNING 2022-05-27 19:44:25,800 basehttp 154 "GET /static/media/avatar-5.b309bbe2.jpg HTTP/1.1" 404 1705
WARNING 2022-05-27 19:44:25,800 basehttp 154 "GET /static/media/avatar-4.93166a0c.jpg HTTP/1.1" 404 1705
INFO 2022-05-27 19:44:27,797 basehttp 154 "GET /mange/ HTTP/1.1" 200 87563
WARNING 2022-05-27 19:44:27,814 basehttp 154 "GET /static/media/avatar.42a86687.jpg HTTP/1.1" 404 1699
WARNING 2022-05-27 19:44:27,818 basehttp 154 "GET /static/media/customer-support.ed122f05.png HTTP/1.1" 404 1729
WARNING 2022-05-27 19:44:27,830 basehttp 154 "GET /static/media/avatar-5.b309bbe2.jpg HTTP/1.1" 404 1705
WARNING 2022-05-27 19:44:27,830 basehttp 154 "GET /static/media/avatar-4.93166a0c.jpg HTTP/1.1" 404 1705
WARNING 2022-05-27 19:44:27,840 basehttp 154 "GET /static/media/avatar.42a86687.jpg HTTP/1.1" 404 1699
INFO 2022-05-27 19:44:49,483 basehttp 154 "GET /mange/ HTTP/1.1" 200 87554
WARNING 2022-05-27 19:44:49,497 basehttp 154 "GET /static/media/avatar.42a86687.jpg HTTP/1.1" 404 1699
WARNING 2022-05-27 19:44:49,502 basehttp 154 "GET /static/media/customer-support.ed122f05.png HTTP/1.1" 404 1729
WARNING 2022-05-27 19:44:49,513 basehttp 154 "GET /static/media/avatar-4.93166a0c.jpg HTTP/1.1" 404 1705
WARNING 2022-05-27 19:44:49,513 basehttp 154 "GET /static/media/avatar-5.b309bbe2.jpg HTTP/1.1" 404 1705
INFO 2022-05-27 19:45:06,006 basehttp 154 "GET /mange/ HTTP/1.1" 200 87563
WARNING 2022-05-27 19:45:06,023 basehttp 154 "GET /static/media/avatar.42a86687.jpg HTTP/1.1" 404 1699
WARNING 2022-05-27 19:45:06,025 basehttp 154 "GET /static/media/customer-support.ed122f05.png HTTP/1.1" 404 1729
WARNING 2022-05-27 19:45:06,036 basehttp 154 "GET /static/media/avatar-5.b309bbe2.jpg HTTP/1.1" 404 1705
WARNING 2022-05-27 19:45:06,039 basehttp 154 "GET /static/media/avatar-4.93166a0c.jpg HTTP/1.1" 404 1705
WARNING 2022-05-27 19:45:06,054 basehttp 154 "GET /static/media/avatar.42a86687.jpg HTTP/1.1" 404 1699
INFO 2022-05-27 19:47:42,312 basehttp 154 "GET /mange/ HTTP/1.1" 200 85902
WARNING 2022-05-27 19:47:42,336 basehttp 154 "GET /static/media/avatar.42a86687.jpg HTTP/1.1" 404 1699
WARNING 2022-05-27 19:47:42,337 basehttp 154 "GET /static/media/customer-support.ed122f05.png HTTP/1.1" 404 1729
WARNING 2022-05-27 19:47:42,346 basehttp 154 "GET /static/media/avatar-5.b309bbe2.jpg HTTP/1.1" 404 1705
WARNING 2022-05-27 19:47:42,355 basehttp 154 "GET /static/media/avatar-4.93166a0c.jpg HTTP/1.1" 404 1705
INFO 2022-05-27 19:47:43,975 basehttp 154 "GET /mange/ HTTP/1.1" 200 85902
WARNING 2022-05-27 19:47:43,987 basehttp 154 "GET /static/media/avatar.42a86687.jpg HTTP/1.1" 404 1699
WARNING 2022-05-27 19:47:43,992 basehttp 154 "GET /static/media/customer-support.ed122f05.png HTTP/1.1" 404 1729
WARNING 2022-05-27 19:47:44,008 basehttp 154 "GET /static/media/avatar-5.b309bbe2.jpg HTTP/1.1" 404 1705
WARNING 2022-05-27 19:47:44,008 basehttp 154 "GET /static/media/avatar-4.93166a0c.jpg HTTP/1.1" 404 1705
WARNING 2022-05-27 19:47:44,011 basehttp 154 "GET /static/media/avatar.42a86687.jpg HTTP/1.1" 404 1699
INFO 2022-05-27 19:49:24,150 basehttp 154 "GET /mange/ HTTP/1.1" 200 85872
WARNING 2022-05-27 19:49:24,163 basehttp 154 "GET /static/media/avatar.42a86687.jpg HTTP/1.1" 404 1699
WARNING 2022-05-27 19:49:24,172 basehttp 154 "GET /static/media/customer-support.ed122f05.png HTTP/1.1" 404 1729
WARNING 2022-05-27 19:49:24,177 basehttp 154 "GET /static/media/avatar-5.b309bbe2.jpg HTTP/1.1" 404 1705
WARNING 2022-05-27 19:49:24,179 basehttp 154 "GET /static/media/avatar-4.93166a0c.jpg HTTP/1.1" 404 1705
INFO 2022-05-27 19:49:25,489 basehttp 154 "GET /mange/ HTTP/1.1" 200 85872
WARNING 2022-05-27 19:49:25,501 basehttp 154 "GET /static/media/avatar.42a86687.jpg HTTP/1.1" 404 1699
WARNING 2022-05-27 19:49:25,504 basehttp 154 "GET /static/media/customer-support.ed122f05.png HTTP/1.1" 404 1729
WARNING 2022-05-27 19:49:25,514 basehttp 154 "GET /static/media/avatar-5.b309bbe2.jpg HTTP/1.1" 404 1705
WARNING 2022-05-27 19:49:25,515 basehttp 154 "GET /static/media/avatar-4.93166a0c.jpg HTTP/1.1" 404 1705
WARNING 2022-05-27 19:49:25,524 basehttp 154 "GET /static/media/avatar.42a86687.jpg HTTP/1.1" 404 1699
INFO 2022-05-27 19:49:26,122 basehttp 154 "GET /mange/ HTTP/1.1" 200 85872
WARNING 2022-05-27 19:49:26,138 basehttp 154 "GET /static/media/avatar.42a86687.jpg HTTP/1.1" 404 1699
WARNING 2022-05-27 19:49:26,141 basehttp 154 "GET /static/media/customer-support.ed122f05.png HTTP/1.1" 404 1729
WARNING 2022-05-27 19:49:26,145 basehttp 154 "GET /static/media/avatar-5.b309bbe2.jpg HTTP/1.1" 404 1705
WARNING 2022-05-27 19:49:26,146 basehttp 154 "GET /static/media/avatar-4.93166a0c.jpg HTTP/1.1" 404 1705
WARNING 2022-05-27 19:49:26,168 basehttp 154 "GET /static/media/avatar.42a86687.jpg HTTP/1.1" 404 1699
INFO 2022-05-27 19:49:55,399 basehttp 154 "GET /mange/ HTTP/1.1" 200 85880
WARNING 2022-05-27 19:49:55,426 basehttp 154 "GET /static/media/avatar.42a86687.jpg HTTP/1.1" 404 1699
WARNING 2022-05-27 19:49:55,432 basehttp 154 "GET /static/media/customer-support.ed122f05.png HTTP/1.1" 404 1729
WARNING 2022-05-27 19:49:55,445 basehttp 154 "GET /static/media/avatar-5.b309bbe2.jpg HTTP/1.1" 404 1705
WARNING 2022-05-27 19:49:55,446 basehttp 154 "GET /static/media/avatar-4.93166a0c.jpg HTTP/1.1" 404 1705
INFO 2022-05-27 19:52:12,011 basehttp 154 "GET /mange/ HTTP/1.1" 200 85879
WARNING 2022-05-27 19:52:12,026 basehttp 154 "GET /static/media/avatar.42a86687.jpg HTTP/1.1" 404 1699
WARNING 2022-05-27 19:52:12,027 basehttp 154 "GET /static/media/customer-support.ed122f05.png HTTP/1.1" 404 1729
WARNING 2022-05-27 19:52:12,037 basehttp 154 "GET /static/media/avatar-5.b309bbe2.jpg HTTP/1.1" 404 1705
WARNING 2022-05-27 19:52:12,039 basehttp 154 "GET /static/media/avatar-4.93166a0c.jpg HTTP/1.1" 404 1705
WARNING 2022-05-27 19:52:12,056 basehttp 154 "GET /static/media/avatar.42a86687.jpg HTTP/1.1" 404 1699
INFO 2022-05-27 19:55:05,541 basehttp 154 "GET /mange/ HTTP/1.1" 200 82379
WARNING 2022-05-27 19:55:05,582 basehttp 154 "GET /static/media/avatar.42a86687.jpg HTTP/1.1" 404 1699
WARNING 2022-05-27 19:55:05,586 basehttp 154 "GET /static/media/customer-support.ed122f05.png HTTP/1.1" 404 1729
WARNING 2022-05-27 19:55:05,602 basehttp 154 "GET /static/media/avatar-4.93166a0c.jpg HTTP/1.1" 404 1705
WARNING 2022-05-27 19:55:05,603 basehttp 154 "GET /static/media/avatar-5.b309bbe2.jpg HTTP/1.1" 404 1705
INFO 2022-05-27 19:58:14,134 basehttp 154 "GET /mange/ HTTP/1.1" 200 82362
WARNING 2022-05-27 19:58:14,150 basehttp 154 "GET /static/media/avatar.42a86687.jpg HTTP/1.1" 404 1699
WARNING 2022-05-27 19:58:14,152 basehttp 154 "GET /static/media/customer-support.ed122f05.png HTTP/1.1" 404 1729
WARNING 2022-05-27 19:58:14,163 basehttp 154 "GET /static/media/avatar-5.b309bbe2.jpg HTTP/1.1" 404 1705
WARNING 2022-05-27 19:58:14,165 basehttp 154 "GET /static/media/avatar-4.93166a0c.jpg HTTP/1.1" 404 1705
INFO 2022-05-27 19:58:27,150 basehttp 154 "GET /mange/ HTTP/1.1" 200 82183
WARNING 2022-05-27 19:58:27,169 basehttp 154 "GET /static/media/avatar.42a86687.jpg HTTP/1.1" 404 1699
WARNING 2022-05-27 19:58:27,170 basehttp 154 "GET /static/media/customer-support.ed122f05.png HTTP/1.1" 404 1729
WARNING 2022-05-27 19:58:27,178 basehttp 154 "GET /static/media/avatar-5.b309bbe2.jpg HTTP/1.1" 404 1705
WARNING 2022-05-27 19:58:27,179 basehttp 154 "GET /static/media/avatar-4.93166a0c.jpg HTTP/1.1" 404 1705
INFO 2022-05-27 20:13:53,474 basehttp 154 "GET /mange/ HTTP/1.1" 200 82183
WARNING 2022-05-27 20:13:53,496 basehttp 154 "GET /static/media/avatar.42a86687.jpg HTTP/1.1" 404 1699
WARNING 2022-05-27 20:13:53,498 basehttp 154 "GET /static/media/customer-support.ed122f05.png HTTP/1.1" 404 1729
WARNING 2022-05-27 20:13:53,509 basehttp 154 "GET /static/media/avatar-5.b309bbe2.jpg HTTP/1.1" 404 1705
WARNING 2022-05-27 20:13:53,511 basehttp 154 "GET /static/media/avatar-4.93166a0c.jpg HTTP/1.1" 404 1705
INFO 2022-05-27 20:25:08,040 basehttp 154 "GET /admin/ HTTP/1.1" 302 0
INFO 2022-05-27 20:25:08,153 basehttp 154 "GET /admin/login/?next=/admin/ HTTP/1.1" 200 1819
INFO 2022-05-27 20:25:08,172 basehttp 154 "GET /static/admin/css/login.css HTTP/1.1" 200 1233
INFO 2022-05-27 20:25:08,173 basehttp 154 "GET /static/admin/css/base.css HTTP/1.1" 200 16378
INFO 2022-05-27 20:25:08,182 basehttp 154 "GET /static/admin/css/responsive.css HTTP/1.1" 200 17944
INFO 2022-05-27 20:25:08,187 basehttp 154 "GET /static/admin/css/fonts.css HTTP/1.1" 200 423
INFO 2022-05-27 20:25:08,220 basehttp 154 "GET /static/admin/fonts/Roboto-Regular-webfont.woff HTTP/1.1" 200 85876
INFO 2022-05-27 20:25:08,224 basehttp 154 "GET /static/admin/fonts/Roboto-Light-webfont.woff HTTP/1.1" 200 85692
INFO 2022-05-27 20:25:10,571 basehttp 154 "POST /admin/login/?next=/admin/ HTTP/1.1" 302 0
INFO 2022-05-27 20:25:10,768 basehttp 154 "GET /admin/ HTTP/1.1" 200 3751
INFO 2022-05-27 20:25:10,790 basehttp 154 "GET /static/admin/css/dashboard.css HTTP/1.1" 200 412
INFO 2022-05-27 20:25:10,809 basehttp 154 "GET /static/admin/img/icon-changelink.svg HTTP/1.1" 200 380
INFO 2022-05-27 20:25:10,809 basehttp 154 "GET /static/admin/img/icon-addlink.svg HTTP/1.1" 200 331
INFO 2022-05-27 20:25:10,830 basehttp 154 "GET /static/admin/fonts/Roboto-Bold-webfont.woff HTTP/1.1" 200 86184
INFO 2022-05-27 20:25:12,913 basehttp 154 "GET /admin/app_manage/project/add/ HTTP/1.1" 200 4900
INFO 2022-05-27 20:25:12,932 basehttp 154 "GET /static/admin/css/forms.css HTTP/1.1" 200 8518
INFO 2022-05-27 20:25:12,943 basehttp 154 "GET /static/admin/js/jquery.init.js HTTP/1.1" 200 363
INFO 2022-05-27 20:25:12,949 basehttp 154 "GET /static/admin/js/actions.js HTTP/1.1" 200 6766
INFO 2022-05-27 20:25:12,954 basehttp 154 "GET /static/admin/css/widgets.css HTTP/1.1" 200 10340
INFO 2022-05-27 20:25:12,957 basehttp 154 "GET /static/admin/js/core.js HTTP/1.1" 200 7099
INFO 2022-05-27 20:25:12,966 basehttp 154 "GET /static/admin/js/urlify.js HTTP/1.1" 200 8941
INFO 2022-05-27 20:25:12,967 basehttp 154 "GET /static/admin/js/prepopulate.js HTTP/1.1" 200 1530
INFO 2022-05-27 20:25:12,979 basehttp 154 "GET /static/admin/js/admin/RelatedObjectLookups.js HTTP/1.1" 200 6918
INFO 2022-05-27 20:25:12,980 basehttp 154 "GET /static/admin/js/change_form.js HTTP/1.1" 200 712
INFO 2022-05-27 20:25:12,983 basehttp 154 "GET /static/admin/js/prepopulate_init.js HTTP/1.1" 200 495
INFO 2022-05-27 20:25:12,984 basehttp 154 "GET /static/admin/js/vendor/jquery/jquery.js HTTP/1.1" 200 271817
INFO 2022-05-27 20:25:12,986 basehttp 154 "GET /static/admin/js/vendor/xregexp/xregexp.js HTTP/1.1" 200 128820
INFO 2022-05-27 20:25:13,122 basehttp 154 "GET /admin/jsi18n/ HTTP/1.1" 200 3223
INFO 2022-05-27 20:25:20,130 basehttp 154 "POST /admin/app_manage/project/add/ HTTP/1.1" 302 0
INFO 2022-05-27 20:25:21,402 basehttp 154 "GET /admin/app_manage/project/ HTTP/1.1" 200 6144
INFO 2022-05-27 20:25:21,420 basehttp 154 "GET /static/admin/css/changelists.css HTTP/1.1" 200 6170
INFO 2022-05-27 20:25:21,430 basehttp 154 "GET /static/admin/img/search.svg HTTP/1.1" 200 458
INFO 2022-05-27 20:25:21,438 basehttp 154 "GET /static/admin/img/icon-yes.svg HTTP/1.1" 200 436
INFO 2022-05-27 20:25:21,585 basehttp 154 "GET /admin/jsi18n/ HTTP/1.1" 200 3223
INFO 2022-05-27 20:25:21,651 basehttp 154 "GET /static/admin/img/tooltag-add.svg HTTP/1.1" 200 331
INFO 2022-05-27 20:25:38,970 basehttp 154 "GET /admin/app_manage/project/add/ HTTP/1.1" 200 4900
INFO 2022-05-27 20:25:39,880 basehttp 154 "GET /admin/ HTTP/1.1" 200 4086
INFO 2022-05-27 20:25:41,939 basehttp 154 "GET /admin/ HTTP/1.1" 200 4086
INFO 2022-05-27 20:25:44,549 basehttp 154 "GET /admin/ HTTP/1.1" 200 4086
INFO 2022-05-27 20:26:03,561 basehttp 154 "GET /admin/app_manage/project/1/change/ HTTP/1.1" 200 5170
INFO 2022-05-27 20:26:03,724 basehttp 154 "GET /admin/jsi18n/ HTTP/1.1" 200 3223
INFO 2022-05-27 20:26:08,599 basehttp 154 "POST /admin/app_manage/project/1/change/ HTTP/1.1" 302 0
INFO 2022-05-27 20:26:08,798 basehttp 154 "GET /admin/app_manage/project/ HTTP/1.1" 200 6148
INFO 2022-05-27 20:26:08,916 basehttp 154 "GET /admin/jsi18n/ HTTP/1.1" 200 3223
INFO 2022-05-27 20:26:11,648 basehttp 154 "GET /admin/app_manage/project/ HTTP/1.1" 200 5948
INFO 2022-05-27 20:26:11,772 basehttp 154 "GET /admin/jsi18n/ HTTP/1.1" 200 3223
INFO 2022-05-27 20:26:14,957 basehttp 154 "GET /admin/app_manage/project/1/change/ HTTP/1.1" 200 5172
INFO 2022-05-27 20:26:16,222 basehttp 154 "GET /admin/ HTTP/1.1" 200 4391
INFO 2022-05-27 21:27:22,710 basehttp 154 "GET /admin/ HTTP/1.1" 302 0
INFO 2022-05-27 21:27:22,726 basehttp 154 "GET /admin/login/?next=/admin/ HTTP/1.1" 200 1819
INFO 2022-05-27 21:27:22,738 basehttp 154 "GET /static/admin/css/base.css HTTP/1.1" 200 16378
INFO 2022-05-27 21:27:22,744 basehttp 154 "GET /static/admin/css/login.css HTTP/1.1" 200 1233
INFO 2022-05-27 21:27:22,745 basehttp 154 "GET /static/admin/css/fonts.css HTTP/1.1" 200 423
INFO 2022-05-27 21:27:22,748 basehttp 154 "GET /static/admin/css/responsive.css HTTP/1.1" 200 17944
INFO 2022-05-27 21:27:22,778 basehttp 154 "GET /static/admin/fonts/Roboto-Regular-webfont.woff HTTP/1.1" 200 85876
INFO 2022-05-27 21:27:22,779 basehttp 154 "GET /static/admin/fonts/Roboto-Light-webfont.woff HTTP/1.1" 200 85692
INFO 2022-05-27 21:27:36,216 basehttp 154 "GET /mange/ HTTP/1.1" 200 82259
INFO 2022-05-27 21:27:36,229 basehttp 154 "GET /static/css/classic.css HTTP/1.1" 200 449793
WARNING 2022-05-27 21:27:36,239 basehttp 154 "GET /static/media/customer-support.ed122f05.png HTTP/1.1" 404 1729
WARNING 2022-05-27 21:27:36,242 basehttp 154 "GET /static/media/avatar.42a86687.jpg HTTP/1.1" 404 1699
WARNING 2022-05-27 21:27:36,256 basehttp 154 "GET /static/media/avatar-4.93166a0c.jpg HTTP/1.1" 404 1705
WARNING 2022-05-27 21:27:36,258 basehttp 154 "GET /static/media/avatar-5.b309bbe2.jpg HTTP/1.1" 404 1705
WARNING 2022-05-27 21:27:36,260 basehttp 154 "GET /static/media/avatar.42a86687.jpg HTTP/1.1" 404 1699
INFO 2022-05-27 21:31:02,727 autoreload 217 E:\dj\banma\django-p\fiyday\test_platform\test_platform\urls.py changed, reloading.
INFO 2022-05-27 21:31:03,503 autoreload 597 Watching for file changes with StatReloader
INFO 2022-05-27 21:32:55,926 autoreload 217 E:\dj\banma\django-p\fiyday\test_platform\test_platform\urls.py changed, reloading.
INFO 2022-05-27 21:32:56,740 autoreload 597 Watching for file changes with StatReloader
INFO 2022-05-27 21:36:32,350 autoreload 597 Watching for file changes with StatReloader
INFO 2022-05-27 21:36:36,022 basehttp 154 "GET /mange/ HTTP/1.1" 200 82259
WARNING 2022-05-27 21:36:36,061 basehttp 154 "GET /static/media/avatar.42a86687.jpg HTTP/1.1" 404 1699
WARNING 2022-05-27 21:36:36,069 basehttp 154 "GET /static/media/customer-support.ed122f05.png HTTP/1.1" 404 1729
WARNING 2022-05-27 21:36:36,086 basehttp 154 "GET /static/media/avatar-4.93166a0c.jpg HTTP/1.1" 404 1705
WARNING 2022-05-27 21:36:36,087 basehttp 154 "GET /static/media/avatar-5.b309bbe2.jpg HTTP/1.1" 404 1705
WARNING 2022-05-27 21:36:36,093 basehttp 154 "GET /static/media/avatar.42a86687.jpg HTTP/1.1" 404 1699
INFO 2022-05-27 21:37:37,082 autoreload 217 E:\dj\banma\django-p\fiyday\test_platform\test_platform\urls.py changed, reloading.
INFO 2022-05-27 21:37:37,903 autoreload 597 Watching for file changes with StatReloader
INFO 2022-05-27 21:38:31,073 autoreload 217 E:\dj\banma\django-p\fiyday\test_platform\app_personal\views.py changed, reloading.
INFO 2022-05-27 21:38:31,871 autoreload 597 Watching for file changes with StatReloader
INFO 2022-05-27 21:40:04,086 autoreload 217 E:\dj\banma\django-p\fiyday\test_platform\app_manage\views.py changed, reloading.
INFO 2022-05-27 21:40:04,962 autoreload 597 Watching for file changes with StatReloader
WARNING 2022-05-27 21:40:07,058 log 228 Not Found: /mange/
WARNING 2022-05-27 21:40:07,058 basehttp 154 "GET /mange/ HTTP/1.1" 404 2491
INFO 2022-05-27 21:40:43,200 autoreload 597 Watching for file changes with StatReloader
INFO 2022-05-27 21:40:52,264 basehttp 154 "GET / HTTP/1.1" 200 1059
INFO 2022-05-27 21:41:03,281 basehttp 154 "POST /login/ HTTP/1.1" 302 0
INFO 2022-05-27 21:41:03,293 basehttp 154 "GET /project/ HTTP/1.1" 302 0
WARNING 2022-05-27 21:41:03,302 log 228 Not Found: /accounts/login/
WARNING 2022-05-27 21:41:03,302 basehttp 154 "GET /accounts/login/?next=/project/ HTTP/1.1" 404 2533
INFO 2022-05-27 21:41:50,346 autoreload 217 E:\dj\banma\django-p\fiyday\test_platform\app_manage\views.py changed, reloading.
INFO 2022-05-27 21:41:51,243 autoreload 597 Watching for file changes with StatReloader
WARNING 2022-05-27 21:41:51,607 log 228 Not Found: /accounts/login/
WARNING 2022-05-27 21:41:51,607 basehttp 154 "GET /accounts/login/?next=/project/ HTTP/1.1" 404 2533
INFO 2022-05-27 21:41:58,303 basehttp 154 "POST /login/ HTTP/1.1" 302 0
INFO 2022-05-27 21:41:58,412 basehttp 154 "GET /project/ HTTP/1.1" 200 82259
WARNING 2022-05-27 21:41:58,460 basehttp 154 "GET /static/media/avatar.42a86687.jpg HTTP/1.1" 404 1699
WARNING 2022-05-27 21:41:58,462 basehttp 154 "GET /static/media/customer-support.ed122f05.png HTTP/1.1" 404 1729
WARNING 2022-05-27 21:41:58,472 basehttp 154 "GET /static/media/avatar-5.b309bbe2.jpg HTTP/1.1" 404 1705
WARNING 2022-05-27 21:41:58,473 basehttp 154 "GET /static/media/avatar-4.93166a0c.jpg HTTP/1.1" 404 1705
INFO 2022-05-27 21:42:19,064 autoreload 217 E:\dj\banma\django-p\fiyday\test_platform\app_manage\views.py changed, reloading.
INFO 2022-05-27 21:42:19,870 autoreload 597 Watching for file changes with StatReloader
INFO 2022-05-27 21:43:47,697 autoreload 217 E:\dj\banma\django-p\fiyday\test_platform\app_manage\views.py changed, reloading.
INFO 2022-05-27 21:43:48,547 autoreload 597 Watching for file changes with StatReloader
INFO 2022-05-27 21:44:25,792 basehttp 154 "POST /login/ HTTP/1.1" 302 0
INFO 2022-05-27 21:44:25,904 basehttp 154 "GET /project/ HTTP/1.1" 200 82259
WARNING 2022-05-27 21:44:25,953 basehttp 154 "GET /static/media/avatar.42a86687.jpg HTTP/1.1" 404 1699
WARNING 2022-05-27 21:44:25,954 basehttp 154 "GET /static/media/customer-support.ed122f05.png HTTP/1.1" 404 1729
WARNING 2022-05-27 21:44:25,961 basehttp 154 "GET /static/media/avatar-5.b309bbe2.jpg HTTP/1.1" 404 1705
WARNING 2022-05-27 21:44:25,974 basehttp 154 "GET /static/media/avatar-4.93166a0c.jpg HTTP/1.1" 404 1705
INFO 2022-05-27 21:46:08,148 basehttp 154 "GET /project/ HTTP/1.1" 200 82202
WARNING 2022-05-27 21:46:08,177 basehttp 154 "GET /static/media/customer-support.ed122f05.png HTTP/1.1" 404 1729
WARNING 2022-05-27 21:46:08,178 basehttp 154 "GET /static/media/avatar.42a86687.jpg HTTP/1.1" 404 1699
WARNING 2022-05-27 21:46:08,189 basehttp 154 "GET /static/media/avatar-5.b309bbe2.jpg HTTP/1.1" 404 1705
WARNING 2022-05-27 21:46:08,194 basehttp 154 "GET /static/media/avatar-4.93166a0c.jpg HTTP/1.1" 404 1705
INFO 2022-05-27 21:47:58,148 basehttp 154 "GET /project/ HTTP/1.1" 200 82202
WARNING 2022-05-27 21:47:58,203 basehttp 154 "GET /static/media/avatar.42a86687.jpg HTTP/1.1" 404 1699
WARNING 2022-05-27 21:47:58,206 basehttp 154 "GET /static/media/customer-support.ed122f05.png HTTP/1.1" 404 1729
WARNING 2022-05-27 21:47:58,212 basehttp 154 "GET /static/media/avatar-4.93166a0c.jpg HTTP/1.1" 404 1705
WARNING 2022-05-27 21:47:58,213 basehttp 154 "GET /static/media/avatar-5.b309bbe2.jpg HTTP/1.1" 404 1705
INFO 2022-05-27 21:54:17,213 basehttp 154 "GET /project/ HTTP/1.1" 200 82479
WARNING 2022-05-27 21:54:17,262 basehttp 154 "GET /static/media/avatar.42a86687.jpg HTTP/1.1" 404 1699
WARNING 2022-05-27 21:54:17,265 basehttp 154 "GET /static/media/customer-support.ed122f05.png HTTP/1.1" 404 1729
WARNING 2022-05-27 21:54:17,272 basehttp 154 "GET /static/media/avatar-5.b309bbe2.jpg HTTP/1.1" 404 1705
WARNING 2022-05-27 21:54:17,277 basehttp 154 "GET /static/media/avatar-4.93166a0c.jpg HTTP/1.1" 404 1705
INFO 2022-05-27 21:54:32,361 basehttp 154 "GET /project/ HTTP/1.1" 200 82494
WARNING 2022-05-27 21:54:32,400 basehttp 154 "GET /static/media/avatar.42a86687.jpg HTTP/1.1" 404 1699
WARNING 2022-05-27 21:54:32,401 basehttp 154 "GET /static/media/customer-support.ed122f05.png HTTP/1.1" 404 1729
WARNING 2022-05-27 21:54:32,407 basehttp 154 "GET /static/media/avatar-4.93166a0c.jpg HTTP/1.1" 404 1705
WARNING 2022-05-27 21:54:32,407 basehttp 154 "GET /static/media/avatar-5.b309bbe2.jpg HTTP/1.1" 404 1705
INFO 2022-05-27 21:55:40,800 basehttp 154 "GET /project/ HTTP/1.1" 200 82512
WARNING 2022-05-27 21:55:40,831 basehttp 154 "GET /static/media/avatar.42a86687.jpg HTTP/1.1" 404 1699
WARNING 2022-05-27 21:55:40,832 basehttp 154 "GET /static/media/customer-support.ed122f05.png HTTP/1.1" 404 1729
WARNING 2022-05-27 21:55:40,839 basehttp 154 "GET /static/media/avatar-5.b309bbe2.jpg HTTP/1.1" 404 1705
WARNING 2022-05-27 21:55:40,847 basehttp 154 "GET /static/media/avatar-4.93166a0c.jpg HTTP/1.1" 404 1705
WARNING 2022-05-27 21:55:46,605 log 228 Not Found: /module/
WARNING 2022-05-27 21:55:46,606 basehttp 154 "GET /module/ HTTP/1.1" 404 2494
WARNING 2022-05-27 21:55:49,753 log 228 Not Found: /module/
WARNING 2022-05-27 21:55:49,754 basehttp 154 "GET /module/ HTTP/1.1" 404 2494
INFO 2022-05-27 22:00:02,291 basehttp 154 "GET /project/ HTTP/1.1" 200 82611
WARNING 2022-05-27 22:00:02,342 basehttp 154 "GET /static/media/avatar.42a86687.jpg HTTP/1.1" 404 1699
WARNING 2022-05-27 22:00:02,344 basehttp 154 "GET /static/media/customer-support.ed122f05.png HTTP/1.1" 404 1729
WARNING 2022-05-27 22:00:02,351 basehttp 154 "GET /static/media/avatar-5.b309bbe2.jpg HTTP/1.1" 404 1705
WARNING 2022-05-27 22:00:02,352 basehttp 154 "GET /static/media/avatar-4.93166a0c.jpg HTTP/1.1" 404 1705
INFO 2022-05-27 22:00:15,733 basehttp 154 "GET /project/ HTTP/1.1" 200 82557
WARNING 2022-05-27 22:00:15,763 basehttp 154 "GET /static/media/avatar.42a86687.jpg HTTP/1.1" 404 1699
WARNING 2022-05-27 22:00:15,773 basehttp 154 "GET /static/media/customer-support.ed122f05.png HTTP/1.1" 404 1729
WARNING 2022-05-27 22:00:15,780 basehttp 154 "GET /static/media/avatar-5.b309bbe2.jpg HTTP/1.1" 404 1705
WARNING 2022-05-27 22:00:15,785 basehttp 154 "GET /static/media/avatar-4.93166a0c.jpg HTTP/1.1" 404 1705
